<?xml version="1.0" encoding="UTF-8" ?>
<testsuite errors="0" failures="0" hostname="Breksam" name="lab5.Lab5Test" skipped="0" tests="2" time="5.261" timestamp="2022-05-29T05:01:50">
  <properties>
    <property name="libs.spring-framework300.classpath" value="C:\netbeans\platform\modules\org-apache-commons-logging.jar;C:\netbeans\java\modules\ext\cglib-2.2.jar;C:\netbeans\java\modules\ext\spring-3.0\spring-aop-3.2.18.RELEASE.jar;C:\netbeans\java\modules\ext\spring-3.0\spring-aspects-3.2.18.RELEASE.jar;C:\netbeans\java\modules\ext\spring-3.0\spring-beans-3.2.18.RELEASE.jar;C:\netbeans\java\modules\ext\spring-3.0\spring-context-3.2.18.RELEASE.jar;C:\netbeans\java\modules\ext\spring-3.0\spring-context-support-3.2.18.RELEASE.jar;C:\netbeans\java\modules\ext\spring-3.0\spring-core-3.2.18.RELEASE.jar;C:\netbeans\java\modules\ext\spring-3.0\spring-expression-3.2.18.RELEASE.jar;C:\netbeans\java\modules\ext\spring-3.0\spring-instrument-3.2.18.RELEASE.jar;C:\netbeans\java\modules\ext\spring-3.0\spring-instrument-tomcat-3.2.18.RELEASE.jar;C:\netbeans\java\modules\ext\spring-3.0\spring-jdbc-3.2.18.RELEASE.jar;C:\netbeans\java\modules\ext\spring-3.0\spring-jms-3.2.18.RELEASE.jar;C:\netbeans\java\modules\ext\spring-3.0\spring-orm-3.2.18.RELEASE.jar;C:\netbeans\java\modules\ext\spring-3.0\spring-oxm-3.2.18.RELEASE.jar;C:\netbeans\java\modules\ext\spring-3.0\spring-struts-3.2.18.RELEASE.jar;C:\netbeans\java\modules\ext\spring-3.0\spring-test-3.2.18.RELEASE.jar;C:\netbeans\java\modules\ext\spring-3.0\spring-tx-3.2.18.RELEASE.jar;C:\netbeans\java\modules\ext\spring-3.0\spring-web-3.2.18.RELEASE.jar;C:\netbeans\java\modules\ext\spring-3.0\spring-webmvc-3.2.18.RELEASE.jar;C:\netbeans\java\modules\ext\spring-3.0\spring-webmvc-portlet-3.2.18.RELEASE.jar" />
    <property name="javac.test.classpath" value="C:\Users\HP\Downloads\Compressed\selenium\selenium-api-4.2.0-sources.jar:C:\Users\HP\Downloads\Compressed\selenium\selenium-api-4.2.0.jar:C:\Users\HP\Downloads\Compressed\selenium\selenium-chrome-driver-4.2.0-sources.jar:C:\Users\HP\Downloads\Compressed\selenium\selenium-chrome-driver-4.2.0.jar:C:\Users\HP\Downloads\Compressed\selenium\selenium-chromium-driver-4.2.0-sources.jar:C:\Users\HP\Downloads\Compressed\selenium\selenium-chromium-driver-4.2.0.jar:C:\Users\HP\Downloads\Compressed\selenium\selenium-devtools-v100-4.2.0-sources.jar:C:\Users\HP\Downloads\Compressed\selenium\selenium-devtools-v100-4.2.0.jar:C:\Users\HP\Downloads\Compressed\selenium\selenium-devtools-v101-4.2.0-sources.jar:C:\Users\HP\Downloads\Compressed\selenium\selenium-devtools-v101-4.2.0.jar:C:\Users\HP\Downloads\Compressed\selenium\selenium-devtools-v102-4.2.0-sources.jar:C:\Users\HP\Downloads\Compressed\selenium\selenium-devtools-v102-4.2.0.jar:C:\Users\HP\Downloads\Compressed\selenium\selenium-devtools-v85-4.2.0-sources.jar:C:\Users\HP\Downloads\Compressed\selenium\selenium-devtools-v85-4.2.0.jar:C:\Users\HP\Downloads\Compressed\selenium\selenium-edge-driver-4.2.0-sources.jar:C:\Users\HP\Downloads\Compressed\selenium\selenium-edge-driver-4.2.0.jar:C:\Users\HP\Downloads\Compressed\selenium\selenium-firefox-driver-4.2.0-sources.jar:C:\Users\HP\Downloads\Compressed\selenium\selenium-firefox-driver-4.2.0.jar:C:\Users\HP\Downloads\Compressed\selenium\selenium-http-4.2.0-sources.jar:C:\Users\HP\Downloads\Compressed\selenium\selenium-http-4.2.0.jar:C:\Users\HP\Downloads\Compressed\selenium\selenium-ie-driver-4.2.0-sources.jar:C:\Users\HP\Downloads\Compressed\selenium\selenium-ie-driver-4.2.0.jar:C:\Users\HP\Downloads\Compressed\selenium\selenium-java-4.2.0-sources.jar:C:\Users\HP\Downloads\Compressed\selenium\selenium-java-4.2.0.jar:C:\Users\HP\Downloads\Compressed\selenium\selenium-java-4.2.0.zip:C:\Users\HP\Downloads\Compressed\selenium\selenium-json-4.2.0-sources.jar:C:\Users\HP\Downloads\Compressed\selenium\selenium-json-4.2.0.jar:C:\Users\HP\Downloads\Compressed\selenium\selenium-opera-driver-4.2.0-sources.jar:C:\Users\HP\Downloads\Compressed\selenium\selenium-opera-driver-4.2.0.jar:C:\Users\HP\Downloads\Compressed\selenium\selenium-remote-driver-4.2.0-sources.jar:C:\Users\HP\Downloads\Compressed\selenium\selenium-remote-driver-4.2.0.jar:C:\Users\HP\Downloads\Compressed\selenium\selenium-safari-driver-4.2.0-sources.jar:C:\Users\HP\Downloads\Compressed\selenium\selenium-safari-driver-4.2.0.jar:C:\Users\HP\Downloads\Compressed\selenium\selenium-support-4.2.0-sources.jar:C:\Users\HP\Downloads\Compressed\selenium\selenium-support-4.2.0.jar:C:\Users\HP\Downloads\Compressed\selenium\lib\async-http-client-2.12.3.jar:C:\Users\HP\Downloads\Compressed\selenium\lib\async-http-client-netty-utils-2.12.3.jar:C:\Users\HP\Downloads\Compressed\selenium\lib\auto-common-1.2.1.jar:C:\Users\HP\Downloads\Compressed\selenium\lib\auto-service-1.0.1.jar:C:\Users\HP\Downloads\Compressed\selenium\lib\auto-service-annotations-1.0.1.jar:C:\Users\HP\Downloads\Compressed\selenium\lib\byte-buddy-1.12.10.jar:C:\Users\HP\Downloads\Compressed\selenium\lib\checker-qual-3.12.0.jar:C:\Users\HP\Downloads\Compressed\selenium\lib\commons-exec-1.3.jar:C:\Users\HP\Downloads\Compressed\selenium\lib\error_prone_annotations-2.11.0.jar:C:\Users\HP\Downloads\Compressed\selenium\lib\failsafe-3.2.4.jar:C:\Users\HP\Downloads\Compressed\selenium\lib\failureaccess-1.0.1.jar:C:\Users\HP\Downloads\Compressed\selenium\lib\guava-31.1-jre.jar:C:\Users\HP\Downloads\Compressed\selenium\lib\j2objc-annotations-1.3.jar:C:\Users\HP\Downloads\Compressed\selenium\lib\jakarta.activation-1.2.2.jar:C:\Users\HP\Downloads\Compressed\selenium\lib\jcommander-1.82.jar:C:\Users\HP\Downloads\Compressed\selenium\lib\jsr305-3.0.2.jar:C:\Users\HP\Downloads\Compressed\selenium\lib\jtoml-2.0.0.jar:C:\Users\HP\Downloads\Compressed\selenium\lib\listenablefuture-9999.0-empty-to-avoid-conflict-with-guava.jar:C:\Users\HP\Downloads\Compressed\selenium\lib\netty-buffer-4.1.77.Final.jar:C:\Users\HP\Downloads\Compressed\selenium\lib\netty-codec-4.1.77.Final.jar:C:\Users\HP\Downloads\Compressed\selenium\lib\netty-codec-http-4.1.77.Final.jar:C:\Users\HP\Downloads\Compressed\selenium\lib\netty-codec-socks-4.1.77.Final.jar:C:\Users\HP\Downloads\Compressed\selenium\lib\netty-common-4.1.77.Final.jar:C:\Users\HP\Downloads\Compressed\selenium\lib\netty-handler-4.1.77.Final.jar:C:\Users\HP\Downloads\Compressed\selenium\lib\netty-handler-proxy-4.1.77.Final.jar:C:\Users\HP\Downloads\Compressed\selenium\lib\netty-reactive-streams-2.0.4.jar:C:\Users\HP\Downloads\Compressed\selenium\lib\netty-resolver-4.1.77.Final.jar:C:\Users\HP\Downloads\Compressed\selenium\lib\netty-transport-4.1.77.Final.jar:C:\Users\HP\Downloads\Compressed\selenium\lib\netty-transport-classes-epoll-4.1.77.Final.jar:C:\Users\HP\Downloads\Compressed\selenium\lib\netty-transport-classes-kqueue-4.1.77.Final.jar:C:\Users\HP\Downloads\Compressed\selenium\lib\netty-transport-native-epoll-4.1.77.Final.jar:C:\Users\HP\Downloads\Compressed\selenium\lib\netty-transport-native-kqueue-4.1.77.Final.jar:C:\Users\HP\Downloads\Compressed\selenium\lib\netty-transport-native-unix-common-4.1.77.Final.jar:C:\Users\HP\Downloads\Compressed\selenium\lib\opentelemetry-api-1.14.0.jar:C:\Users\HP\Downloads\Compressed\selenium\lib\opentelemetry-context-1.14.0.jar:C:\Users\HP\Downloads\Compressed\selenium\lib\opentelemetry-exporter-logging-1.14.0.jar:C:\Users\HP\Downloads\Compressed\selenium\lib\opentelemetry-sdk-1.14.0.jar:C:\Users\HP\Downloads\Compressed\selenium\lib\opentelemetry-sdk-common-1.14.0.jar:C:\Users\HP\Downloads\Compressed\selenium\lib\opentelemetry-sdk-extension-autoconfigure-1.14.0-alpha.jar:C:\Users\HP\Downloads\Compressed\selenium\lib\opentelemetry-sdk-extension-autoconfigure-spi-1.14.0.jar:C:\Users\HP\Downloads\Compressed\selenium\lib\opentelemetry-sdk-logs-1.14.0-alpha.jar:C:\Users\HP\Downloads\Compressed\selenium\lib\opentelemetry-sdk-metrics-1.14.0.jar:C:\Users\HP\Downloads\Compressed\selenium\lib\opentelemetry-sdk-trace-1.14.0.jar:C:\Users\HP\Downloads\Compressed\selenium\lib\opentelemetry-semconv-1.14.0-alpha.jar:C:\Users\HP\Downloads\Compressed\selenium\lib\reactive-streams-1.0.3.jar:C:\Users\HP\Downloads\Compressed\selenium\lib\slf4j-api-1.7.36.jar:build/classes:C:\netbeans\platform\modules\ext\junit-4.13.1.jar:C:\netbeans\platform\modules\ext\hamcrest-core-1.3.jar" />
    <property name="java.specification.version" value="12" />
    <property name="file.reference.netty-transport-4.1.77.Final.jar" value="C:\Users\HP\Downloads\Compressed\selenium\lib\netty-transport-4.1.77.Final.jar" />
    <property name="file.reference.selenium-devtools-v102-4.2.0.jar" value="C:\Users\HP\Downloads\Compressed\selenium\selenium-devtools-v102-4.2.0.jar" />
    <property name="file.reference.listenablefuture-9999.0-empty-to-avoid-conflict-with-guava.jar" value="C:\Users\HP\Downloads\Compressed\selenium\lib\listenablefuture-9999.0-empty-to-avoid-conflict-with-guava.jar" />
    <property name="libs.spring-framework500.classpath" value="C:\netbeans\platform\modules\org-apache-commons-logging.jar;C:\netbeans\java\modules\ext\cglib-2.2.jar;C:\netbeans\java\modules\ext\spring-5\spring-aop-5.2.9.RELEASE.jar;C:\netbeans\java\modules\ext\spring-5\spring-aspects-5.2.9.RELEASE.jar;C:\netbeans\java\modules\ext\spring-5\spring-beans-5.2.9.RELEASE.jar;C:\netbeans\java\modules\ext\spring-5\spring-context-5.2.9.RELEASE.jar;C:\netbeans\java\modules\ext\spring-5\spring-context-indexer-5.2.9.RELEASE.jar;C:\netbeans\java\modules\ext\spring-5\spring-context-support-5.2.9.RELEASE.jar;C:\netbeans\java\modules\ext\spring-5\spring-core-5.2.9.RELEASE.jar;C:\netbeans\java\modules\ext\spring-5\spring-expression-5.2.9.RELEASE.jar;C:\netbeans\java\modules\ext\spring-5\spring-instrument-5.2.9.RELEASE.jar;C:\netbeans\java\modules\ext\spring-5\spring-jcl-5.2.9.RELEASE.jar;C:\netbeans\java\modules\ext\spring-5\spring-jdbc-5.2.9.RELEASE.jar;C:\netbeans\java\modules\ext\spring-5\spring-jms-5.2.9.RELEASE.jar;C:\netbeans\java\modules\ext\spring-5\spring-messaging-5.2.9.RELEASE.jar;C:\netbeans\java\modules\ext\spring-5\spring-orm-5.2.9.RELEASE.jar;C:\netbeans\java\modules\ext\spring-5\spring-oxm-5.2.9.RELEASE.jar;C:\netbeans\java\modules\ext\spring-5\spring-test-5.2.9.RELEASE.jar;C:\netbeans\java\modules\ext\spring-5\spring-tx-5.2.9.RELEASE.jar;C:\netbeans\java\modules\ext\spring-5\spring-web-5.2.9.RELEASE.jar;C:\netbeans\java\modules\ext\spring-5\spring-webflux-5.2.9.RELEASE.jar;C:\netbeans\java\modules\ext\spring-5\spring-webmvc-5.2.9.RELEASE.jar;C:\netbeans\java\modules\ext\spring-5\spring-websocket-5.2.9.RELEASE.jar" />
    <property name="jar.index.metainf" value="false" />
    <property name="libs.spring-framework400.classpath" value="C:\netbeans\platform\modules\org-apache-commons-logging.jar;C:\netbeans\java\modules\ext\cglib-2.2.jar;C:\netbeans\java\modules\ext\spring-4\spring-aop-4.3.29.RELEASE.jar;C:\netbeans\java\modules\ext\spring-4\spring-aspects-4.3.29.RELEASE.jar;C:\netbeans\java\modules\ext\spring-4\spring-beans-4.3.29.RELEASE.jar;C:\netbeans\java\modules\ext\spring-4\spring-context-4.3.29.RELEASE.jar;C:\netbeans\java\modules\ext\spring-4\spring-context-support-4.3.29.RELEASE.jar;C:\netbeans\java\modules\ext\spring-4\spring-core-4.3.29.RELEASE.jar;C:\netbeans\java\modules\ext\spring-4\spring-expression-4.3.29.RELEASE.jar;C:\netbeans\java\modules\ext\spring-4\spring-instrument-4.3.29.RELEASE.jar;C:\netbeans\java\modules\ext\spring-4\spring-instrument-tomcat-4.3.29.RELEASE.jar;C:\netbeans\java\modules\ext\spring-4\spring-jdbc-4.3.29.RELEASE.jar;C:\netbeans\java\modules\ext\spring-4\spring-jms-4.3.29.RELEASE.jar;C:\netbeans\java\modules\ext\spring-4\spring-messaging-4.3.29.RELEASE.jar;C:\netbeans\java\modules\ext\spring-4\spring-orm-4.3.29.RELEASE.jar;C:\netbeans\java\modules\ext\spring-4\spring-oxm-4.3.29.RELEASE.jar;C:\netbeans\java\modules\ext\spring-4\spring-test-4.3.29.RELEASE.jar;C:\netbeans\java\modules\ext\spring-4\spring-tx-4.3.29.RELEASE.jar;C:\netbeans\java\modules\ext\spring-4\spring-web-4.3.29.RELEASE.jar;C:\netbeans\java\modules\ext\spring-4\spring-webmvc-4.3.29.RELEASE.jar;C:\netbeans\java\modules\ext\spring-4\spring-webmvc-portlet-4.3.29.RELEASE.jar;C:\netbeans\java\modules\ext\spring-4\spring-websocket-4.3.29.RELEASE.jar" />
    <property name="libs.spring-webmvc4.0.javadoc" value="" />
    <property name="test.binaryincludes" value="&lt;nothing&gt;" />
    <property name="debug-transport" value="dt_shmem" />
    <property name="libs.javaee-web-api-8.0.src" value="" />
    <property name="file.reference.selenium-edge-driver-4.2.0.jar" value="C:\Users\HP\Downloads\Compressed\selenium\selenium-edge-driver-4.2.0.jar" />
    <property name="java.vendor.url" value="https://java.oracle.com/" />
    <property name="file.reference.auto-service-annotations-1.0.1.jar" value="C:\Users\HP\Downloads\Compressed\selenium\lib\auto-service-annotations-1.0.1.jar" />
    <property name="debug.modulepath" value="" />
    <property name="libs.eclipselink.javadoc" value="C:\netbeans\java\modules\ext\docs\javax.persistence-2.2.1-doc.zip" />
    <property name="libs.jsp-compilation.src" value="" />
    <property name="libs.JWSAntTasks.javadoc" value="" />
    <property name="sun.boot.library.path" value="C:\Program Files\Java\jdk-12.0.2\bin" />
    <property name="sun.java.command" value="org.apache.tools.ant.taskdefs.optional.junit.JUnitTestRunner lab5.Lab5Test skipNonTests=false filtertrace=true haltOnError=false haltOnFailure=false showoutput=true outputtoformatters=true logfailedtests=true threadid=0 logtestlistenerevents=true formatter=org.apache.tools.ant.taskdefs.optional.junit.BriefJUnitResultFormatter formatter=org.apache.tools.ant.taskdefs.optional.junit.XMLJUnitResultFormatter,D:\university\3rd electrical\2nd\testing\lab\5\lab5\build\test\results\TEST-lab5.Lab5Test.xml crashfile=D:\university\3rd electrical\2nd\testing\lab\5\lab5\build\junitvmwatcher1523460557377419918.properties propsfile=D:\university\3rd electrical\2nd\testing\lab\5\lab5\build\junit798390765365275616.properties" />
    <property name="jdk.debug" value="release" />
    <property name="libs.spring-framework300.src" value="" />
    <property name="file.reference.j2objc-annotations-1.3.jar" value="C:\Users\HP\Downloads\Compressed\selenium\lib\j2objc-annotations-1.3.jar" />
    <property name="javadoc.use" value="true" />
    <property name="javadoc.notree" value="false" />
    <property name="basedir" value="D:\university\3rd electrical\2nd\testing\lab\5\lab5" />
    <property name="java.vm.specification.vendor" value="Oracle Corporation" />
    <property name="java.specification.name" value="Java Platform API Specification" />
    <property name="file.reference.selenium-support-4.2.0-sources.jar" value="C:\Users\HP\Downloads\Compressed\selenium\selenium-support-4.2.0-sources.jar" />
    <property name="file.reference.selenium-opera-driver-4.2.0.jar" value="C:\Users\HP\Downloads\Compressed\selenium\selenium-opera-driver-4.2.0.jar" />
    <property name="libs.jsf20.classpath" value="C:\netbeans\enterprise\modules\ext\jsf-2_2\javax.faces.jar" />
    <property name="netbeans.extbrowser.manual_chrome_plugin_install" value="yes" />
    <property name="file.reference.opentelemetry-sdk-common-1.14.0.jar" value="C:\Users\HP\Downloads\Compressed\selenium\lib\opentelemetry-sdk-common-1.14.0.jar" />
    <property name="libs.spring-framework500.javadoc" value="" />
    <property name="netbeans.default_userdir_root" value="C:\Users\HP\AppData\Roaming\NetBeans" />
    <property name="libs.jsp-compilation-syscp.src" value="" />
    <property name="jdk.home" value="C:\Program Files\Java\jdk-12.0.2" />
    <property name="java.runtime.version" value="12.0.2+10" />
    <property name="libs.eclipselink.maven-pom" value="" />
    <property name="libs.metro.maven-pom" value="" />
    <property name="libs.JAXB-ENDORSED.javadoc" value="" />
    <property name="sun.java2d.noddraw" value="true" />
    <property name="sun.zip.disableMemoryMapping" value="true" />
    <property name="guice.disable.misplaced.annotation.check" value="true" />
    <property name="jnidispatch.path" value="C:\Users\HP\AppData\Local\Temp\jna-2312\jna13833824663288509789.dll" />
    <property name="libs.jsp-compilation.javadoc" value="" />
    <property name="libs.primefaces.javadoc" value="" />
    <property name="libs.jsf12.src" value="" />
    <property name="libs.groovy-all.maven-pom" value="" />
    <property name="libs.restapi.src" value="" />
    <property name="libs.junit_5.javadoc" value="C:\netbeans\platform\docs\junit-jupiter-api-5.6.0-javadoc.jar;C:\netbeans\platform\docs\junit-jupiter-params-5.6.0-javadoc.jar;C:\netbeans\platform\docs\junit-jupiter-engine-5.6.0-javadoc.jar" />
    <property name="file.reference.selenium-chromium-driver-4.2.0-sources.jar" value="C:\Users\HP\Downloads\Compressed\selenium\selenium-chromium-driver-4.2.0-sources.jar" />
    <property name="dist.archive.excludes" value="" />
    <property name="java.io.tmpdir" value="C:\Users\HP\AppData\Local\Temp\" />
    <property name="file.reference.selenium-api-4.2.0-sources.jar" value="C:\Users\HP\Downloads\Compressed\selenium\selenium-api-4.2.0-sources.jar" />
    <property name="java.version" value="12.0.2" />
    <property name="java.vm.specification.name" value="Java Virtual Machine Specification" />
    <property name="libs.jakartaee-api-8.0.javadoc" value="C:\netbeans\enterprise\docs\jakartaee8-doc-api.jar" />
    <property name="file.reference.netty-transport-classes-epoll-4.1.77.Final.jar" value="C:\Users\HP\Downloads\Compressed\selenium\lib\netty-transport-classes-epoll-4.1.77.Final.jar" />
    <property name="libs.hamcrest.src" value="" />
    <property name="java.library.path" value="C:\Program Files\Java\jdk-12.0.2\bin;C:\Windows\Sun\Java\bin;C:\Windows\system32;C:\Windows;C:\Program Files (x86)\Common Files\Oracle\Java\javapath;C:\Windows\system32;C:\Windows;C:\Windows\System32\Wbem;C:\Windows\System32\WindowsPowerShell\v1.0\;C:\Windows\System32\OpenSSH\;C:\Program Files\MATLAB\R2018a\runtime\win64;C:\Program Files\MATLAB\R2018a\bin;C:\Program Files\Java\jdk-12.0.2\bin;C:\Program Files\Graphviz\bin;C:\Program Files\dotnet\;C:\Program Files\MySQL\MySQL Shell 8.0\bin\;C:\Users\HP\AppData\Local\Programs\Python\Python310\Scripts\;C:\Users\HP\AppData\Local\Programs\Python\Python310\;C:\Users\HP\AppData\Local\Microsoft\WindowsApps;C:\intelFPGA\20.1\modelsim_ase\win32aloem;C:\Users\HP\AppData\Local\GitHubDesktop\bin;C:\Users\HP\AppData\Local\Programs\Microsoft VS Code\bin;C:\Users\HP\.dotnet\tools;." />
    <property name="java.vendor" value="Oracle Corporation" />
    <property name="file.reference.guava-31.1-jre.jar" value="C:\Users\HP\Downloads\Compressed\selenium\lib\guava-31.1-jre.jar" />
    <property name="libs.testng.javadoc" value="C:\netbeans\platform\docs\testng-6.13.1-javadoc.jar" />
    <property name="libs.groovy-all.src" value="" />
    <property name="meta.inf.dir" value="src/META-INF" />
    <property name="run.upgrademodulepath" value="" />
    <property name="compile.on.save" value="true" />
    <property name="jlink.additionalparam" value="" />
    <property name="libs.testng.maven-pom" value="" />
    <property name="org.openide.version" value="deprecated" />
    <property name="test.includes" value="lab5/Lab5Test.java" />
    <property name="run.classpath" value="C:\Users\HP\Downloads\Compressed\selenium\selenium-api-4.2.0-sources.jar:C:\Users\HP\Downloads\Compressed\selenium\selenium-api-4.2.0.jar:C:\Users\HP\Downloads\Compressed\selenium\selenium-chrome-driver-4.2.0-sources.jar:C:\Users\HP\Downloads\Compressed\selenium\selenium-chrome-driver-4.2.0.jar:C:\Users\HP\Downloads\Compressed\selenium\selenium-chromium-driver-4.2.0-sources.jar:C:\Users\HP\Downloads\Compressed\selenium\selenium-chromium-driver-4.2.0.jar:C:\Users\HP\Downloads\Compressed\selenium\selenium-devtools-v100-4.2.0-sources.jar:C:\Users\HP\Downloads\Compressed\selenium\selenium-devtools-v100-4.2.0.jar:C:\Users\HP\Downloads\Compressed\selenium\selenium-devtools-v101-4.2.0-sources.jar:C:\Users\HP\Downloads\Compressed\selenium\selenium-devtools-v101-4.2.0.jar:C:\Users\HP\Downloads\Compressed\selenium\selenium-devtools-v102-4.2.0-sources.jar:C:\Users\HP\Downloads\Compressed\selenium\selenium-devtools-v102-4.2.0.jar:C:\Users\HP\Downloads\Compressed\selenium\selenium-devtools-v85-4.2.0-sources.jar:C:\Users\HP\Downloads\Compressed\selenium\selenium-devtools-v85-4.2.0.jar:C:\Users\HP\Downloads\Compressed\selenium\selenium-edge-driver-4.2.0-sources.jar:C:\Users\HP\Downloads\Compressed\selenium\selenium-edge-driver-4.2.0.jar:C:\Users\HP\Downloads\Compressed\selenium\selenium-firefox-driver-4.2.0-sources.jar:C:\Users\HP\Downloads\Compressed\selenium\selenium-firefox-driver-4.2.0.jar:C:\Users\HP\Downloads\Compressed\selenium\selenium-http-4.2.0-sources.jar:C:\Users\HP\Downloads\Compressed\selenium\selenium-http-4.2.0.jar:C:\Users\HP\Downloads\Compressed\selenium\selenium-ie-driver-4.2.0-sources.jar:C:\Users\HP\Downloads\Compressed\selenium\selenium-ie-driver-4.2.0.jar:C:\Users\HP\Downloads\Compressed\selenium\selenium-java-4.2.0-sources.jar:C:\Users\HP\Downloads\Compressed\selenium\selenium-java-4.2.0.jar:C:\Users\HP\Downloads\Compressed\selenium\selenium-java-4.2.0.zip:C:\Users\HP\Downloads\Compressed\selenium\selenium-json-4.2.0-sources.jar:C:\Users\HP\Downloads\Compressed\selenium\selenium-json-4.2.0.jar:C:\Users\HP\Downloads\Compressed\selenium\selenium-opera-driver-4.2.0-sources.jar:C:\Users\HP\Downloads\Compressed\selenium\selenium-opera-driver-4.2.0.jar:C:\Users\HP\Downloads\Compressed\selenium\selenium-remote-driver-4.2.0-sources.jar:C:\Users\HP\Downloads\Compressed\selenium\selenium-remote-driver-4.2.0.jar:C:\Users\HP\Downloads\Compressed\selenium\selenium-safari-driver-4.2.0-sources.jar:C:\Users\HP\Downloads\Compressed\selenium\selenium-safari-driver-4.2.0.jar:C:\Users\HP\Downloads\Compressed\selenium\selenium-support-4.2.0-sources.jar:C:\Users\HP\Downloads\Compressed\selenium\selenium-support-4.2.0.jar:C:\Users\HP\Downloads\Compressed\selenium\lib\async-http-client-2.12.3.jar:C:\Users\HP\Downloads\Compressed\selenium\lib\async-http-client-netty-utils-2.12.3.jar:C:\Users\HP\Downloads\Compressed\selenium\lib\auto-common-1.2.1.jar:C:\Users\HP\Downloads\Compressed\selenium\lib\auto-service-1.0.1.jar:C:\Users\HP\Downloads\Compressed\selenium\lib\auto-service-annotations-1.0.1.jar:C:\Users\HP\Downloads\Compressed\selenium\lib\byte-buddy-1.12.10.jar:C:\Users\HP\Downloads\Compressed\selenium\lib\checker-qual-3.12.0.jar:C:\Users\HP\Downloads\Compressed\selenium\lib\commons-exec-1.3.jar:C:\Users\HP\Downloads\Compressed\selenium\lib\error_prone_annotations-2.11.0.jar:C:\Users\HP\Downloads\Compressed\selenium\lib\failsafe-3.2.4.jar:C:\Users\HP\Downloads\Compressed\selenium\lib\failureaccess-1.0.1.jar:C:\Users\HP\Downloads\Compressed\selenium\lib\guava-31.1-jre.jar:C:\Users\HP\Downloads\Compressed\selenium\lib\j2objc-annotations-1.3.jar:C:\Users\HP\Downloads\Compressed\selenium\lib\jakarta.activation-1.2.2.jar:C:\Users\HP\Downloads\Compressed\selenium\lib\jcommander-1.82.jar:C:\Users\HP\Downloads\Compressed\selenium\lib\jsr305-3.0.2.jar:C:\Users\HP\Downloads\Compressed\selenium\lib\jtoml-2.0.0.jar:C:\Users\HP\Downloads\Compressed\selenium\lib\listenablefuture-9999.0-empty-to-avoid-conflict-with-guava.jar:C:\Users\HP\Downloads\Compressed\selenium\lib\netty-buffer-4.1.77.Final.jar:C:\Users\HP\Downloads\Compressed\selenium\lib\netty-codec-4.1.77.Final.jar:C:\Users\HP\Downloads\Compressed\selenium\lib\netty-codec-http-4.1.77.Final.jar:C:\Users\HP\Downloads\Compressed\selenium\lib\netty-codec-socks-4.1.77.Final.jar:C:\Users\HP\Downloads\Compressed\selenium\lib\netty-common-4.1.77.Final.jar:C:\Users\HP\Downloads\Compressed\selenium\lib\netty-handler-4.1.77.Final.jar:C:\Users\HP\Downloads\Compressed\selenium\lib\netty-handler-proxy-4.1.77.Final.jar:C:\Users\HP\Downloads\Compressed\selenium\lib\netty-reactive-streams-2.0.4.jar:C:\Users\HP\Downloads\Compressed\selenium\lib\netty-resolver-4.1.77.Final.jar:C:\Users\HP\Downloads\Compressed\selenium\lib\netty-transport-4.1.77.Final.jar:C:\Users\HP\Downloads\Compressed\selenium\lib\netty-transport-classes-epoll-4.1.77.Final.jar:C:\Users\HP\Downloads\Compressed\selenium\lib\netty-transport-classes-kqueue-4.1.77.Final.jar:C:\Users\HP\Downloads\Compressed\selenium\lib\netty-transport-native-epoll-4.1.77.Final.jar:C:\Users\HP\Downloads\Compressed\selenium\lib\netty-transport-native-kqueue-4.1.77.Final.jar:C:\Users\HP\Downloads\Compressed\selenium\lib\netty-transport-native-unix-common-4.1.77.Final.jar:C:\Users\HP\Downloads\Compressed\selenium\lib\opentelemetry-api-1.14.0.jar:C:\Users\HP\Downloads\Compressed\selenium\lib\opentelemetry-context-1.14.0.jar:C:\Users\HP\Downloads\Compressed\selenium\lib\opentelemetry-exporter-logging-1.14.0.jar:C:\Users\HP\Downloads\Compressed\selenium\lib\opentelemetry-sdk-1.14.0.jar:C:\Users\HP\Downloads\Compressed\selenium\lib\opentelemetry-sdk-common-1.14.0.jar:C:\Users\HP\Downloads\Compressed\selenium\lib\opentelemetry-sdk-extension-autoconfigure-1.14.0-alpha.jar:C:\Users\HP\Downloads\Compressed\selenium\lib\opentelemetry-sdk-extension-autoconfigure-spi-1.14.0.jar:C:\Users\HP\Downloads\Compressed\selenium\lib\opentelemetry-sdk-logs-1.14.0-alpha.jar:C:\Users\HP\Downloads\Compressed\selenium\lib\opentelemetry-sdk-metrics-1.14.0.jar:C:\Users\HP\Downloads\Compressed\selenium\lib\opentelemetry-sdk-trace-1.14.0.jar:C:\Users\HP\Downloads\Compressed\selenium\lib\opentelemetry-semconv-1.14.0-alpha.jar:C:\Users\HP\Downloads\Compressed\selenium\lib\reactive-streams-1.0.3.jar:C:\Users\HP\Downloads\Compressed\selenium\lib\slf4j-api-1.7.36.jar:build/classes" />
    <property name="libs.jaxb.src" value="" />
    <property name="test.src.dir" value="test" />
    <property name="sun.awt.enableExtraMouseButtons" value="true" />
    <property name="org.openide.major.version" value="IDE/1" />
    <property name="libs.spring-framework300.javadoc" value="" />
    <property name="ap.proc.none.internal" value="" />
    <property name="org.openide.specification.version" value="6.2" />
    <property name="user.timezone" value="Africa/Cairo" />
    <property name="jar.index" value="false" />
    <property name="libs.jpa20-persistence.classpath" value="C:\netbeans\java\modules\ext\eclipselink\javax.persistence-2.2.1.jar" />
    <property name="libs.eclipselinkmodelgen.javadoc" value="" />
    <property name="java.vm.specification.version" value="12" />
    <property name="libs.junit_5.classpath" value="C:\netbeans\platform\modules\ext\junit-jupiter-api-5.6.0.jar;C:\netbeans\platform\modules\ext\junit-jupiter-params-5.6.0.jar;C:\netbeans\platform\modules\ext\junit-jupiter-engine-5.6.0.jar" />
    <property name="file.reference.opentelemetry-exporter-logging-1.14.0.jar" value="C:\Users\HP\Downloads\Compressed\selenium\lib\opentelemetry-exporter-logging-1.14.0.jar" />
    <property name="javadoc.noindex" value="false" />
    <property name="file.reference.byte-buddy-1.12.10.jar" value="C:\Users\HP\Downloads\Compressed\selenium\lib\byte-buddy-1.12.10.jar" />
    <property name="javadoc.private" value="false" />
    <property name="libs.spring-webmvc4.0.maven-pom" value="" />
    <property name="file.reference.opentelemetry-sdk-1.14.0.jar" value="C:\Users\HP\Downloads\Compressed\selenium\lib\opentelemetry-sdk-1.14.0.jar" />
    <property name="libs.JAXB-ENDORSED.maven-pom" value="" />
    <property name="user.home" value="C:\Users\HP" />
    <property name="libs.eclipselinkmodelgen.maven-pom" value="" />
    <property name="have.sources" value="true" />
    <property name="annotation.processing.processors.list" value="" />
    <property name="javac.deprecation" value="false" />
    <property name="jlink.launcher" value="true" />
    <property name="build.generated.sources.dir" value="build/generated-sources" />
    <property name="plugin.manager.check.updates" value="false" />
    <property name="netbeans.autoupdate.language" value="en" />
    <property name="libs.eclipselinkmodelgen.src" value="" />
    <property name="build.compiler.emacs" value="true" />
    <property name="build.classes.excludes" value="**/*.java,**/*.form" />
    <property name="dist.jar" value="dist/lab5.jar" />
    <property name="libs.spring-webmvc4.0.classpath" value="C:\netbeans\java\modules\ext\spring-4\spring-webmvc-4.3.29.RELEASE.jar" />
    <property name="modules.supported.internal" value="true" />
    <property name="libs.javaee-endorsed-api-7.0.javadoc" value="C:\netbeans\enterprise\docs\javaee-doc-api.jar" />
    <property name="os.version" value="10.0" />
    <property name="netbeans.home" value="C:\netbeans\platform" />
    <property name="libs.CopyLibs.javadoc" value="" />
    <property name="debug-transport-by-os" value="dt_shmem" />
    <property name="libs.javaee-api-8.0.javadoc" value="C:\netbeans\enterprise\docs\javaee-doc-api.jar" />
    <property name="libs.jsf20.src" value="" />
    <property name="java.vm.name" value="Java HotSpot(TM) 64-Bit Server VM" />
    <property name="unnamed.module.internal" value="true" />
    <property name="libs.jstl.javadoc" value="C:\netbeans\enterprise\docs\javaee-doc-api.jar" />
    <property name="libs.javaee-endorsed-api-7.0.maven-pom" value="" />
    <property name="libs.jaxws21.classpath" value="C:\netbeans\ide\modules\ext\jaxb\jaxb-impl.jar;C:\netbeans\ide\modules\ext\jaxb\jaxb-xjc.jar;C:\netbeans\java\modules\ext\jaxws22\FastInfoset.jar;C:\netbeans\java\modules\ext\jaxws22\gmbal-api-only.jar;C:\netbeans\java\modules\ext\jaxws22\ha-api.jar;C:\netbeans\java\modules\ext\jaxws22\javax.mail_1.4.jar;C:\netbeans\java\modules\ext\jaxws22\jaxws-rt.jar;C:\netbeans\java\modules\ext\jaxws22\jaxws-tools.jar;C:\netbeans\java\modules\ext\jaxws22\management-api.jar;C:\netbeans\java\modules\ext\jaxws22\mimepull.jar;C:\netbeans\java\modules\ext\jaxws22\policy.jar;C:\netbeans\java\modules\ext\jaxws22\saaj-impl.jar;C:\netbeans\java\modules\ext\jaxws22\stax-ex.jar;C:\netbeans\java\modules\ext\jaxws22\stax2-api.jar;C:\netbeans\java\modules\ext\jaxws22\streambuffer.jar;C:\netbeans\java\modules\ext\jaxws22\woodstox-core-asl.jar;C:\netbeans\java\modules\ext\jaxws22\api\jaxws-api.jar;C:\netbeans\java\modules\ext\jaxws22\api\jsr181-api.jar;C:\netbeans\java\modules\ext\jaxws22\api\javax.annotation.jar;C:\netbeans\java\modules\ext\jaxws22\api\saaj-api.jar;C:\netbeans\ide\modules\ext\jaxb\activation.jar;C:\netbeans\ide\modules\ext\jaxb\api\jaxb-api.jar" />
    <property name="libs.restapi.classpath" value="C:\netbeans\enterprise\modules\ext\jaxrs-2.0\javax.ws.rs-api-2.0.jar" />
    <property name="os.arch" value="amd64" />
    <property name="build.generated.dir" value="build/generated" />
    <property name="libs.groovy-all.javadoc" value="" />
    <property name="file.reference.opentelemetry-sdk-extension-autoconfigure-1.14.0-alpha.jar" value="C:\Users\HP\Downloads\Compressed\selenium\lib\opentelemetry-sdk-extension-autoconfigure-1.14.0-alpha.jar" />
    <property name="libs.jakartaee-api-8.0.classpath" value="C:\netbeans\enterprise\modules\ext\jakarta.jakartaee-api-8.0.0.jar" />
    <property name="libs.javaee-web-api-7.0.javadoc" value="C:\netbeans\enterprise\docs\javaee-doc-api.jar" />
    <property name="file.reference.jcommander-1.82.jar" value="C:\Users\HP\Downloads\Compressed\selenium\lib\jcommander-1.82.jar" />
    <property name="libs.javaee-endorsed-api-6.0.src" value="" />
    <property name="file.reference.selenium-devtools-v100-4.2.0.jar" value="C:\Users\HP\Downloads\Compressed\selenium\selenium-devtools-v100-4.2.0.jar" />
    <property name="file.reference.selenium-chrome-driver-4.2.0-sources.jar" value="C:\Users\HP\Downloads\Compressed\selenium\selenium-chrome-driver-4.2.0-sources.jar" />
    <property name="libs.jsf12.maven-pom" value="" />
    <property name="libs.javaee-endorsed-api-7.0.classpath" value="C:\netbeans\enterprise\modules\ext\javaee7-endorsed\javax.annotation-api.jar;C:\netbeans\enterprise\modules\ext\javaee7-endorsed\javax.xml.soap-api.jar;C:\netbeans\enterprise\modules\ext\javaee7-endorsed\jaxb-api-osgi.jar;C:\netbeans\enterprise\modules\ext\javaee7-endorsed\jaxws-api.jar;C:\netbeans\enterprise\modules\ext\javaee7-endorsed\jsr181-api.jar" />
    <property name="libs.primefaces.maven-pom" value="" />
    <property name="org.netbeans.io.suspend" value="0" />
    <property name="awt.toolkit" value="sun.awt.windows.WToolkit" />
    <property name="ant.project.name" value="lab5" />
    <property name="dist.javadoc.dir" value="dist/javadoc" />
    <property name="default.javac.target" value="12" />
    <property name="javac.fork" value="true" />
    <property name="libs.eclipselink.classpath" value="C:\netbeans\java\modules\ext\eclipselink\org.eclipse.persistence.core-2.7.7.jar;C:\netbeans\java\modules\ext\eclipselink\org.eclipse.persistence.asm-2.7.7.jar;C:\netbeans\java\modules\ext\eclipselink\org.eclipse.persistence.antlr-2.7.7.jar;C:\netbeans\java\modules\ext\eclipselink\org.eclipse.persistence.jpa-2.7.7.jar;C:\netbeans\java\modules\ext\eclipselink\org.eclipse.persistence.jpa.jpql-2.7.7.jar;C:\netbeans\java\modules\ext\eclipselink\org.eclipse.persistence.moxy-2.7.7.jar;C:\netbeans\java\modules\ext\eclipselink\javax.persistence-2.2.1.jar" />
    <property name="file.reference.selenium-safari-driver-4.2.0.jar" value="C:\Users\HP\Downloads\Compressed\selenium\selenium-safari-driver-4.2.0.jar" />
    <property name="file.reference.opentelemetry-context-1.14.0.jar" value="C:\Users\HP\Downloads\Compressed\selenium\lib\opentelemetry-context-1.14.0.jar" />
    <property name="file.reference.selenium-remote-driver-4.2.0.jar" value="C:\Users\HP\Downloads\Compressed\selenium\selenium-remote-driver-4.2.0.jar" />
    <property name="file.reference.netty-codec-socks-4.1.77.Final.jar" value="C:\Users\HP\Downloads\Compressed\selenium\lib\netty-codec-socks-4.1.77.Final.jar" />
    <property name="libs.struts.classpath" value="C:\netbeans\enterprise\modules\ext\struts\antlr-2.7.2.jar;C:\netbeans\enterprise\modules\ext\struts\bsf-2.3.0.jar;C:\netbeans\enterprise\modules\ext\struts\commons-beanutils-1.8.0.jar;C:\netbeans\enterprise\modules\ext\struts\commons-chain-1.2.jar;C:\netbeans\enterprise\modules\ext\struts\commons-digester-1.8.jar;C:\netbeans\enterprise\modules\ext\struts\commons-fileupload-1.1.1.jar;C:\netbeans\enterprise\modules\ext\struts\commons-io-1.1.jar;C:\netbeans\enterprise\modules\ext\struts\commons-logging-1.0.4.jar;C:\netbeans\enterprise\modules\ext\struts\commons-validator-1.3.1.jar;C:\netbeans\enterprise\modules\ext\struts\jstl-1.0.2.jar;C:\netbeans\enterprise\modules\ext\struts\oro-2.0.8.jar;C:\netbeans\enterprise\modules\ext\struts\standard-1.0.6.jar;C:\netbeans\enterprise\modules\ext\struts\struts-core-1.3.10.jar;C:\netbeans\enterprise\modules\ext\struts\struts-el-1.3.10.jar;C:\netbeans\enterprise\modules\ext\struts\struts-extras-1.3.10.jar;C:\netbeans\enterprise\modules\ext\struts\struts-faces-1.3.10.jar;C:\netbeans\enterprise\modules\ext\struts\struts-mailreader-dao-1.3.10.jar;C:\netbeans\enterprise\modules\ext\struts\struts-scripting-1.3.10.jar;C:\netbeans\enterprise\modules\ext\struts\struts-taglib-1.3.10.jar;C:\netbeans\enterprise\modules\ext\struts\struts-tiles-1.3.10.jar" />
    <property name="libs.PostgreSQLDriver.maven-pom" value="" />
    <property name="libs.absolutelayout.src" value="" />
    <property name="testng.mode" value="testng" />
    <property name="file.reference.selenium-opera-driver-4.2.0-sources.jar" value="C:\Users\HP\Downloads\Compressed\selenium\selenium-opera-driver-4.2.0-sources.jar" />
    <property name="annotation.processing.enabled.in.editor" value="false" />
    <property name="file.reference.selenium-devtools-v85-4.2.0-sources.jar" value="C:\Users\HP\Downloads\Compressed\selenium\selenium-devtools-v85-4.2.0-sources.jar" />
    <property name="file.reference.opentelemetry-sdk-logs-1.14.0-alpha.jar" value="C:\Users\HP\Downloads\Compressed\selenium\lib\opentelemetry-sdk-logs-1.14.0-alpha.jar" />
    <property name="java.vm.compressedOopsMode" value="Zero based" />
    <property name="netbeans.productversion" value="Apache NetBeans IDE 12.3" />
    <property name="mkdist.disabled" value="false" />
    <property name="libs.javaee-web-api-6.0.javadoc" value="C:\netbeans\enterprise\docs\javaee-doc-api.jar" />
    <property name="file.reference.selenium-edge-driver-4.2.0-sources.jar" value="C:\Users\HP\Downloads\Compressed\selenium\selenium-edge-driver-4.2.0-sources.jar" />
    <property name="libs.groovy-all.classpath" value="C:\netbeans\groovy\modules\ext\groovy.jar;C:\netbeans\groovy\modules\ext\groovy-ant.jar" />
    <property name="libs.javaee-api-7.0.maven-pom" value="" />
    <property name="file.reference.netty-common-4.1.77.Final.jar" value="C:\Users\HP\Downloads\Compressed\selenium\lib\netty-common-4.1.77.Final.jar" />
    <property name="libs.absolutelayout.javadoc" value="" />
    <property name="module.build.classes.dir" value="build/classes" />
    <property name="file.reference.reactive-streams-1.0.3.jar" value="C:\Users\HP\Downloads\Compressed\selenium\lib\reactive-streams-1.0.3.jar" />
    <property name="annotation.processing.processor.options" value="" />
    <property name="libs.jaxb.maven-pom" value="" />
    <property name="libs.javaee-api-6.0.maven-pom" value="" />
    <property name="dist.dir" value="dist" />
    <property name="build.dir" value="build" />
    <property name="libs.graaljs.maven-pom" value="" />
    <property name="netbeans.autoupdate.variant" value="" />
    <property name="javadoc.version" value="false" />
    <property name="libs.metro.src" value="" />
    <property name="libs.metro.classpath" value="C:\netbeans\ide\modules\ext\jaxb\activation.jar;C:\netbeans\enterprise\modules\ext\metro\webservices-api.jar;C:\netbeans\enterprise\modules\ext\metro\webservices-extra-api.jar;C:\netbeans\enterprise\modules\ext\metro\webservices-extra.jar;C:\netbeans\enterprise\modules\ext\metro\webservices-rt.jar;C:\netbeans\enterprise\modules\ext\metro\webservices-tools.jar" />
    <property name="libs.CopyLibs.classpath" value="C:\netbeans\java\ant\extra\org-netbeans-modules-java-j2seproject-copylibstask.jar" />
    <property name="sun.os.patch.level" value="" />
    <property name="javadoc.html5" value="false" />
    <property name="javac.test.processorpath" value="C:\Users\HP\Downloads\Compressed\selenium\selenium-api-4.2.0-sources.jar:C:\Users\HP\Downloads\Compressed\selenium\selenium-api-4.2.0.jar:C:\Users\HP\Downloads\Compressed\selenium\selenium-chrome-driver-4.2.0-sources.jar:C:\Users\HP\Downloads\Compressed\selenium\selenium-chrome-driver-4.2.0.jar:C:\Users\HP\Downloads\Compressed\selenium\selenium-chromium-driver-4.2.0-sources.jar:C:\Users\HP\Downloads\Compressed\selenium\selenium-chromium-driver-4.2.0.jar:C:\Users\HP\Downloads\Compressed\selenium\selenium-devtools-v100-4.2.0-sources.jar:C:\Users\HP\Downloads\Compressed\selenium\selenium-devtools-v100-4.2.0.jar:C:\Users\HP\Downloads\Compressed\selenium\selenium-devtools-v101-4.2.0-sources.jar:C:\Users\HP\Downloads\Compressed\selenium\selenium-devtools-v101-4.2.0.jar:C:\Users\HP\Downloads\Compressed\selenium\selenium-devtools-v102-4.2.0-sources.jar:C:\Users\HP\Downloads\Compressed\selenium\selenium-devtools-v102-4.2.0.jar:C:\Users\HP\Downloads\Compressed\selenium\selenium-devtools-v85-4.2.0-sources.jar:C:\Users\HP\Downloads\Compressed\selenium\selenium-devtools-v85-4.2.0.jar:C:\Users\HP\Downloads\Compressed\selenium\selenium-edge-driver-4.2.0-sources.jar:C:\Users\HP\Downloads\Compressed\selenium\selenium-edge-driver-4.2.0.jar:C:\Users\HP\Downloads\Compressed\selenium\selenium-firefox-driver-4.2.0-sources.jar:C:\Users\HP\Downloads\Compressed\selenium\selenium-firefox-driver-4.2.0.jar:C:\Users\HP\Downloads\Compressed\selenium\selenium-http-4.2.0-sources.jar:C:\Users\HP\Downloads\Compressed\selenium\selenium-http-4.2.0.jar:C:\Users\HP\Downloads\Compressed\selenium\selenium-ie-driver-4.2.0-sources.jar:C:\Users\HP\Downloads\Compressed\selenium\selenium-ie-driver-4.2.0.jar:C:\Users\HP\Downloads\Compressed\selenium\selenium-java-4.2.0-sources.jar:C:\Users\HP\Downloads\Compressed\selenium\selenium-java-4.2.0.jar:C:\Users\HP\Downloads\Compressed\selenium\selenium-java-4.2.0.zip:C:\Users\HP\Downloads\Compressed\selenium\selenium-json-4.2.0-sources.jar:C:\Users\HP\Downloads\Compressed\selenium\selenium-json-4.2.0.jar:C:\Users\HP\Downloads\Compressed\selenium\selenium-opera-driver-4.2.0-sources.jar:C:\Users\HP\Downloads\Compressed\selenium\selenium-opera-driver-4.2.0.jar:C:\Users\HP\Downloads\Compressed\selenium\selenium-remote-driver-4.2.0-sources.jar:C:\Users\HP\Downloads\Compressed\selenium\selenium-remote-driver-4.2.0.jar:C:\Users\HP\Downloads\Compressed\selenium\selenium-safari-driver-4.2.0-sources.jar:C:\Users\HP\Downloads\Compressed\selenium\selenium-safari-driver-4.2.0.jar:C:\Users\HP\Downloads\Compressed\selenium\selenium-support-4.2.0-sources.jar:C:\Users\HP\Downloads\Compressed\selenium\selenium-support-4.2.0.jar:C:\Users\HP\Downloads\Compressed\selenium\lib\async-http-client-2.12.3.jar:C:\Users\HP\Downloads\Compressed\selenium\lib\async-http-client-netty-utils-2.12.3.jar:C:\Users\HP\Downloads\Compressed\selenium\lib\auto-common-1.2.1.jar:C:\Users\HP\Downloads\Compressed\selenium\lib\auto-service-1.0.1.jar:C:\Users\HP\Downloads\Compressed\selenium\lib\auto-service-annotations-1.0.1.jar:C:\Users\HP\Downloads\Compressed\selenium\lib\byte-buddy-1.12.10.jar:C:\Users\HP\Downloads\Compressed\selenium\lib\checker-qual-3.12.0.jar:C:\Users\HP\Downloads\Compressed\selenium\lib\commons-exec-1.3.jar:C:\Users\HP\Downloads\Compressed\selenium\lib\error_prone_annotations-2.11.0.jar:C:\Users\HP\Downloads\Compressed\selenium\lib\failsafe-3.2.4.jar:C:\Users\HP\Downloads\Compressed\selenium\lib\failureaccess-1.0.1.jar:C:\Users\HP\Downloads\Compressed\selenium\lib\guava-31.1-jre.jar:C:\Users\HP\Downloads\Compressed\selenium\lib\j2objc-annotations-1.3.jar:C:\Users\HP\Downloads\Compressed\selenium\lib\jakarta.activation-1.2.2.jar:C:\Users\HP\Downloads\Compressed\selenium\lib\jcommander-1.82.jar:C:\Users\HP\Downloads\Compressed\selenium\lib\jsr305-3.0.2.jar:C:\Users\HP\Downloads\Compressed\selenium\lib\jtoml-2.0.0.jar:C:\Users\HP\Downloads\Compressed\selenium\lib\listenablefuture-9999.0-empty-to-avoid-conflict-with-guava.jar:C:\Users\HP\Downloads\Compressed\selenium\lib\netty-buffer-4.1.77.Final.jar:C:\Users\HP\Downloads\Compressed\selenium\lib\netty-codec-4.1.77.Final.jar:C:\Users\HP\Downloads\Compressed\selenium\lib\netty-codec-http-4.1.77.Final.jar:C:\Users\HP\Downloads\Compressed\selenium\lib\netty-codec-socks-4.1.77.Final.jar:C:\Users\HP\Downloads\Compressed\selenium\lib\netty-common-4.1.77.Final.jar:C:\Users\HP\Downloads\Compressed\selenium\lib\netty-handler-4.1.77.Final.jar:C:\Users\HP\Downloads\Compressed\selenium\lib\netty-handler-proxy-4.1.77.Final.jar:C:\Users\HP\Downloads\Compressed\selenium\lib\netty-reactive-streams-2.0.4.jar:C:\Users\HP\Downloads\Compressed\selenium\lib\netty-resolver-4.1.77.Final.jar:C:\Users\HP\Downloads\Compressed\selenium\lib\netty-transport-4.1.77.Final.jar:C:\Users\HP\Downloads\Compressed\selenium\lib\netty-transport-classes-epoll-4.1.77.Final.jar:C:\Users\HP\Downloads\Compressed\selenium\lib\netty-transport-classes-kqueue-4.1.77.Final.jar:C:\Users\HP\Downloads\Compressed\selenium\lib\netty-transport-native-epoll-4.1.77.Final.jar:C:\Users\HP\Downloads\Compressed\selenium\lib\netty-transport-native-kqueue-4.1.77.Final.jar:C:\Users\HP\Downloads\Compressed\selenium\lib\netty-transport-native-unix-common-4.1.77.Final.jar:C:\Users\HP\Downloads\Compressed\selenium\lib\opentelemetry-api-1.14.0.jar:C:\Users\HP\Downloads\Compressed\selenium\lib\opentelemetry-context-1.14.0.jar:C:\Users\HP\Downloads\Compressed\selenium\lib\opentelemetry-exporter-logging-1.14.0.jar:C:\Users\HP\Downloads\Compressed\selenium\lib\opentelemetry-sdk-1.14.0.jar:C:\Users\HP\Downloads\Compressed\selenium\lib\opentelemetry-sdk-common-1.14.0.jar:C:\Users\HP\Downloads\Compressed\selenium\lib\opentelemetry-sdk-extension-autoconfigure-1.14.0-alpha.jar:C:\Users\HP\Downloads\Compressed\selenium\lib\opentelemetry-sdk-extension-autoconfigure-spi-1.14.0.jar:C:\Users\HP\Downloads\Compressed\selenium\lib\opentelemetry-sdk-logs-1.14.0-alpha.jar:C:\Users\HP\Downloads\Compressed\selenium\lib\opentelemetry-sdk-metrics-1.14.0.jar:C:\Users\HP\Downloads\Compressed\selenium\lib\opentelemetry-sdk-trace-1.14.0.jar:C:\Users\HP\Downloads\Compressed\selenium\lib\opentelemetry-semconv-1.14.0-alpha.jar:C:\Users\HP\Downloads\Compressed\selenium\lib\reactive-streams-1.0.3.jar:C:\Users\HP\Downloads\Compressed\selenium\lib\slf4j-api-1.7.36.jar:build/classes:C:\netbeans\platform\modules\ext\junit-4.13.1.jar:C:\netbeans\platform\modules\ext\hamcrest-core-1.3.jar" />
    <property name="libs.javaee-web-api-7.0.maven-pom" value="" />
    <property name="libs.javaee-web-api-8.0.maven-pom" value="" />
    <property name="netbeans.dirs" value="C:\netbeans\nb;C:\netbeans\ergonomics;C:\netbeans\ide;C:\netbeans\extide;C:\netbeans\java;C:\netbeans\apisupport;C:\netbeans\webcommon;C:\netbeans\websvccommon;C:\netbeans\enterprise;C:\netbeans\mobility;C:\netbeans\profiler;C:\netbeans\python;C:\netbeans\php;C:\netbeans\identity;C:\netbeans\harness;C:\netbeans\cnd;C:\netbeans\cndext;C:\netbeans\cpplite;C:\netbeans\dlight;C:\netbeans\groovy;C:\netbeans\extra;C:\netbeans\javacard;C:\netbeans\javafx" />
    <property name="libs.hamcrest.maven-pom" value="" />
    <property name="javac.processorpath" value="C:\Users\HP\Downloads\Compressed\selenium\selenium-api-4.2.0-sources.jar:C:\Users\HP\Downloads\Compressed\selenium\selenium-api-4.2.0.jar:C:\Users\HP\Downloads\Compressed\selenium\selenium-chrome-driver-4.2.0-sources.jar:C:\Users\HP\Downloads\Compressed\selenium\selenium-chrome-driver-4.2.0.jar:C:\Users\HP\Downloads\Compressed\selenium\selenium-chromium-driver-4.2.0-sources.jar:C:\Users\HP\Downloads\Compressed\selenium\selenium-chromium-driver-4.2.0.jar:C:\Users\HP\Downloads\Compressed\selenium\selenium-devtools-v100-4.2.0-sources.jar:C:\Users\HP\Downloads\Compressed\selenium\selenium-devtools-v100-4.2.0.jar:C:\Users\HP\Downloads\Compressed\selenium\selenium-devtools-v101-4.2.0-sources.jar:C:\Users\HP\Downloads\Compressed\selenium\selenium-devtools-v101-4.2.0.jar:C:\Users\HP\Downloads\Compressed\selenium\selenium-devtools-v102-4.2.0-sources.jar:C:\Users\HP\Downloads\Compressed\selenium\selenium-devtools-v102-4.2.0.jar:C:\Users\HP\Downloads\Compressed\selenium\selenium-devtools-v85-4.2.0-sources.jar:C:\Users\HP\Downloads\Compressed\selenium\selenium-devtools-v85-4.2.0.jar:C:\Users\HP\Downloads\Compressed\selenium\selenium-edge-driver-4.2.0-sources.jar:C:\Users\HP\Downloads\Compressed\selenium\selenium-edge-driver-4.2.0.jar:C:\Users\HP\Downloads\Compressed\selenium\selenium-firefox-driver-4.2.0-sources.jar:C:\Users\HP\Downloads\Compressed\selenium\selenium-firefox-driver-4.2.0.jar:C:\Users\HP\Downloads\Compressed\selenium\selenium-http-4.2.0-sources.jar:C:\Users\HP\Downloads\Compressed\selenium\selenium-http-4.2.0.jar:C:\Users\HP\Downloads\Compressed\selenium\selenium-ie-driver-4.2.0-sources.jar:C:\Users\HP\Downloads\Compressed\selenium\selenium-ie-driver-4.2.0.jar:C:\Users\HP\Downloads\Compressed\selenium\selenium-java-4.2.0-sources.jar:C:\Users\HP\Downloads\Compressed\selenium\selenium-java-4.2.0.jar:C:\Users\HP\Downloads\Compressed\selenium\selenium-java-4.2.0.zip:C:\Users\HP\Downloads\Compressed\selenium\selenium-json-4.2.0-sources.jar:C:\Users\HP\Downloads\Compressed\selenium\selenium-json-4.2.0.jar:C:\Users\HP\Downloads\Compressed\selenium\selenium-opera-driver-4.2.0-sources.jar:C:\Users\HP\Downloads\Compressed\selenium\selenium-opera-driver-4.2.0.jar:C:\Users\HP\Downloads\Compressed\selenium\selenium-remote-driver-4.2.0-sources.jar:C:\Users\HP\Downloads\Compressed\selenium\selenium-remote-driver-4.2.0.jar:C:\Users\HP\Downloads\Compressed\selenium\selenium-safari-driver-4.2.0-sources.jar:C:\Users\HP\Downloads\Compressed\selenium\selenium-safari-driver-4.2.0.jar:C:\Users\HP\Downloads\Compressed\selenium\selenium-support-4.2.0-sources.jar:C:\Users\HP\Downloads\Compressed\selenium\selenium-support-4.2.0.jar:C:\Users\HP\Downloads\Compressed\selenium\lib\async-http-client-2.12.3.jar:C:\Users\HP\Downloads\Compressed\selenium\lib\async-http-client-netty-utils-2.12.3.jar:C:\Users\HP\Downloads\Compressed\selenium\lib\auto-common-1.2.1.jar:C:\Users\HP\Downloads\Compressed\selenium\lib\auto-service-1.0.1.jar:C:\Users\HP\Downloads\Compressed\selenium\lib\auto-service-annotations-1.0.1.jar:C:\Users\HP\Downloads\Compressed\selenium\lib\byte-buddy-1.12.10.jar:C:\Users\HP\Downloads\Compressed\selenium\lib\checker-qual-3.12.0.jar:C:\Users\HP\Downloads\Compressed\selenium\lib\commons-exec-1.3.jar:C:\Users\HP\Downloads\Compressed\selenium\lib\error_prone_annotations-2.11.0.jar:C:\Users\HP\Downloads\Compressed\selenium\lib\failsafe-3.2.4.jar:C:\Users\HP\Downloads\Compressed\selenium\lib\failureaccess-1.0.1.jar:C:\Users\HP\Downloads\Compressed\selenium\lib\guava-31.1-jre.jar:C:\Users\HP\Downloads\Compressed\selenium\lib\j2objc-annotations-1.3.jar:C:\Users\HP\Downloads\Compressed\selenium\lib\jakarta.activation-1.2.2.jar:C:\Users\HP\Downloads\Compressed\selenium\lib\jcommander-1.82.jar:C:\Users\HP\Downloads\Compressed\selenium\lib\jsr305-3.0.2.jar:C:\Users\HP\Downloads\Compressed\selenium\lib\jtoml-2.0.0.jar:C:\Users\HP\Downloads\Compressed\selenium\lib\listenablefuture-9999.0-empty-to-avoid-conflict-with-guava.jar:C:\Users\HP\Downloads\Compressed\selenium\lib\netty-buffer-4.1.77.Final.jar:C:\Users\HP\Downloads\Compressed\selenium\lib\netty-codec-4.1.77.Final.jar:C:\Users\HP\Downloads\Compressed\selenium\lib\netty-codec-http-4.1.77.Final.jar:C:\Users\HP\Downloads\Compressed\selenium\lib\netty-codec-socks-4.1.77.Final.jar:C:\Users\HP\Downloads\Compressed\selenium\lib\netty-common-4.1.77.Final.jar:C:\Users\HP\Downloads\Compressed\selenium\lib\netty-handler-4.1.77.Final.jar:C:\Users\HP\Downloads\Compressed\selenium\lib\netty-handler-proxy-4.1.77.Final.jar:C:\Users\HP\Downloads\Compressed\selenium\lib\netty-reactive-streams-2.0.4.jar:C:\Users\HP\Downloads\Compressed\selenium\lib\netty-resolver-4.1.77.Final.jar:C:\Users\HP\Downloads\Compressed\selenium\lib\netty-transport-4.1.77.Final.jar:C:\Users\HP\Downloads\Compressed\selenium\lib\netty-transport-classes-epoll-4.1.77.Final.jar:C:\Users\HP\Downloads\Compressed\selenium\lib\netty-transport-classes-kqueue-4.1.77.Final.jar:C:\Users\HP\Downloads\Compressed\selenium\lib\netty-transport-native-epoll-4.1.77.Final.jar:C:\Users\HP\Downloads\Compressed\selenium\lib\netty-transport-native-kqueue-4.1.77.Final.jar:C:\Users\HP\Downloads\Compressed\selenium\lib\netty-transport-native-unix-common-4.1.77.Final.jar:C:\Users\HP\Downloads\Compressed\selenium\lib\opentelemetry-api-1.14.0.jar:C:\Users\HP\Downloads\Compressed\selenium\lib\opentelemetry-context-1.14.0.jar:C:\Users\HP\Downloads\Compressed\selenium\lib\opentelemetry-exporter-logging-1.14.0.jar:C:\Users\HP\Downloads\Compressed\selenium\lib\opentelemetry-sdk-1.14.0.jar:C:\Users\HP\Downloads\Compressed\selenium\lib\opentelemetry-sdk-common-1.14.0.jar:C:\Users\HP\Downloads\Compressed\selenium\lib\opentelemetry-sdk-extension-autoconfigure-1.14.0-alpha.jar:C:\Users\HP\Downloads\Compressed\selenium\lib\opentelemetry-sdk-extension-autoconfigure-spi-1.14.0.jar:C:\Users\HP\Downloads\Compressed\selenium\lib\opentelemetry-sdk-logs-1.14.0-alpha.jar:C:\Users\HP\Downloads\Compressed\selenium\lib\opentelemetry-sdk-metrics-1.14.0.jar:C:\Users\HP\Downloads\Compressed\selenium\lib\opentelemetry-sdk-trace-1.14.0.jar:C:\Users\HP\Downloads\Compressed\selenium\lib\opentelemetry-semconv-1.14.0-alpha.jar:C:\Users\HP\Downloads\Compressed\selenium\lib\reactive-streams-1.0.3.jar:C:\Users\HP\Downloads\Compressed\selenium\lib\slf4j-api-1.7.36.jar" />
    <property name="libs.javaee-api-6.0.javadoc" value="C:\netbeans\enterprise\docs\javaee-doc-api.jar" />
    <property name="libs.JWSAntTasks.maven-pom" value="" />
    <property name="javac.upgrademodulepath" value="" />
    <property name="run.modulepath" value="" />
    <property name="do.archive+manifest.available" value="true" />
    <property name="file.reference.selenium-java-4.2.0.zip" value="C:\Users\HP\Downloads\Compressed\selenium\selenium-java-4.2.0.zip" />
    <property name="apple.laf.useScreenMenuBar" value="true" />
    <property name="file.reference.slf4j-api-1.7.36.jar" value="C:\Users\HP\Downloads\Compressed\selenium\lib\slf4j-api-1.7.36.jar" />
    <property name="user.country" value="US" />
    <property name="sun.java.launcher" value="SUN_STANDARD" />
    <property name="libs.restapi.javadoc" value="" />
    <property name="libs.jpa20-persistence.src" value="" />
    <property name="javac.test.sourcepath" value="D:\university\3rd electrical\2nd\testing\lab\5\lab5\build\empty" />
    <property name="libs.spring-webmvc3.0.maven-pom" value="" />
    <property name="file.reference.checker-qual-3.12.0.jar" value="C:\Users\HP\Downloads\Compressed\selenium\lib\checker-qual-3.12.0.jar" />
    <property name="includes" value="**" />
    <property name="file.reference.jtoml-2.0.0.jar" value="C:\Users\HP\Downloads\Compressed\selenium\lib\jtoml-2.0.0.jar" />
    <property name="libs.jsf12.javadoc" value="C:\netbeans\enterprise\docs\javaee-doc-api.jar" />
    <property name="libs.hamcrest.classpath" value="C:\netbeans\platform\modules\ext\hamcrest-core-1.3.jar" />
    <property name="file.reference.selenium-http-4.2.0.jar" value="C:\Users\HP\Downloads\Compressed\selenium\selenium-http-4.2.0.jar" />
    <property name="file.reference.selenium-devtools-v100-4.2.0-sources.jar" value="C:\Users\HP\Downloads\Compressed\selenium\selenium-devtools-v100-4.2.0-sources.jar" />
    <property name="javadoc.splitindex" value="true" />
    <property name="libs.JWSAntTasks.classpath" value="C:\netbeans\java\ant\extra\org-netbeans-modules-javawebstart-anttasks.jar" />
    <property name="junit.available" value="true" />
    <property name="javac.processormodulepath" value="" />
    <property name="javadoc.encoding" value="UTF-8" />
    <property name="libs.jstl.src" value="" />
    <property name="libs.jsp-compilation-syscp.maven-pom" value="" />
    <property name="netbeans.hash.code" value="unique=0126e5820-be18-48d6-b8c3-f68ae9fa271b_4bdca295-f34f-4520-a129-96a8e4e374ff" />
    <property name="libs.spring-webmvc3.0.classpath" value="C:\netbeans\java\modules\ext\spring-3.0\spring-webmvc-3.2.18.RELEASE.jar" />
    <property name="java.runtime.name" value="Java(TM) SE Runtime Environment" />
    <property name="libs.jaxb.javadoc" value="C:\netbeans\ide\docs\jaxb-api-doc.jar" />
    <property name="manifest.available" value="true" />
    <property name="libs.spring-framework500.maven-pom" value="" />
    <property name="run.jvmargs.ide" value="" />
    <property name="file.reference.jakarta.activation-1.2.2.jar" value="C:\Users\HP\Downloads\Compressed\selenium\lib\jakarta.activation-1.2.2.jar" />
    <property name="ant.core.lib" value="C:\netbeans\extide\ant\lib\ant.jar" />
    <property name="libs.jsp-compilation.maven-pom" value="" />
    <property name="javac.profile.cmd.line.arg" value="" />
    <property name="do.archive+main.class.available" value="true" />
    <property name="ignore.failing.tests" value="true" />
    <property name="javac.test.modulepath" value="" />
    <property name="libs.PostgreSQLDriver.javadoc" value="" />
    <property name="file.reference.netty-codec-4.1.77.Final.jar" value="C:\Users\HP\Downloads\Compressed\selenium\lib\netty-codec-4.1.77.Final.jar" />
    <property name="file.reference.opentelemetry-api-1.14.0.jar" value="C:\Users\HP\Downloads\Compressed\selenium\lib\opentelemetry-api-1.14.0.jar" />
    <property name="libs.jsp-compilation-syscp.classpath" value="C:\netbeans\extide\ant\lib\ant.jar;C:\netbeans\enterprise\modules\ext\servlet3.1-jsp2.3-api.jar;C:\netbeans\enterprise\modules\ext\glassfish-jspparser-4.0.jar;C:\netbeans\enterprise\modules\ext\jstl-impl.jar;C:\netbeans\enterprise\modules\ext\jsf-2_2\javax.faces.jar" />
    <property name="file.reference.selenium-firefox-driver-4.2.0-sources.jar" value="C:\Users\HP\Downloads\Compressed\selenium\selenium-firefox-driver-4.2.0-sources.jar" />
    <property name="libs.jsp-compilation.classpath" value="C:\netbeans\extide\ant\lib\ant.jar;C:\netbeans\enterprise\modules\ext\servlet3.1-jsp2.3-api.jar;C:\netbeans\enterprise\modules\ext\glassfish-jspparser-4.0.jar;C:\netbeans\enterprise\modules\ext\jsf-2_2\javax.faces.jar;C:\netbeans\enterprise\modules\ext\jstl-api.jar;C:\netbeans\extide\ant\lib\ant-launcher.jar" />
    <property name="libs.javaee-api-6.0.classpath" value="C:\netbeans\enterprise\modules\ext\javaee-api-6.0.jar" />
    <property name="javac.includesfile.binary" value="D:\university\3rd electrical\2nd\testing\lab\5\lab5\null595887441" />
    <property name="libs.javaee-api-7.0.classpath" value="C:\netbeans\enterprise\modules\ext\javaee-api-7.0.jar" />
    <property name="sun.cpu.isalist" value="amd64" />
    <property name="libs.restapi.maven-pom" value="" />
    <property name="javadoc.preview" value="true" />
    <property name="do.depend" value="false" />
    <property name="sun.arch.data.model" value="64" />
    <property name="nb.show.statistics.ui" value="usageStatisticsEnabled" />
    <property name="libs.javaee-endorsed-api-7.0.src" value="" />
    <property name="annotation.processing.enabled" value="true" />
    <property name="libs.junit_5.src" value="C:\netbeans\platform\docs\junit-jupiter-api-5.6.0-sources.jar;C:\netbeans\platform\docs\junit-jupiter-params-5.6.0-sources.jar;C:\netbeans\platform\docs\junit-jupiter-engine-5.6.0-sources.jar" />
    <property name="libs.jaxb.classpath" value="C:\netbeans\ide\modules\ext\jaxb\jaxb-impl.jar;C:\netbeans\ide\modules\ext\jaxb\jaxb-xjc.jar;C:\netbeans\ide\modules\ext\jaxb\activation.jar;C:\netbeans\ide\modules\ext\jaxb\api\jaxb-api.jar" />
    <property name="libs.javaee-api-8.0.classpath" value="C:\netbeans\enterprise\modules\ext\javaee-api-8.0.jar" />
    <property name="file.reference.netty-codec-http-4.1.77.Final.jar" value="C:\Users\HP\Downloads\Compressed\selenium\lib\netty-codec-http-4.1.77.Final.jar" />
    <property name="libs.CopyLibs.src" value="" />
    <property name="file.reference.netty-reactive-streams-2.0.4.jar" value="C:\Users\HP\Downloads\Compressed\selenium\lib\netty-reactive-streams-2.0.4.jar" />
    <property name="java.specification.vendor" value="Oracle Corporation" />
    <property name="javac.source" value="12" />
    <property name="file.reference.selenium-api-4.2.0.jar" value="C:\Users\HP\Downloads\Compressed\selenium\selenium-api-4.2.0.jar" />
    <property name="java.version.date" value="2019-07-16" />
    <property name="java.home" value="C:\Program Files\Java\jdk-12.0.2" />
    <property name="file.reference.selenium-firefox-driver-4.2.0.jar" value="C:\Users\HP\Downloads\Compressed\selenium\selenium-firefox-driver-4.2.0.jar" />
    <property name="work.dir" value="D:\university\3rd electrical\2nd\testing\lab\5\lab5" />
    <property name="javac.test.compilerargs" value="" />
    <property name="jna.boot.library.name" value="jnidispatch-nb" />
    <property name="libs.PostgreSQLDriver.classpath" value="C:\netbeans\ide\modules\ext\postgresql-42.2.16.jar" />
    <property name="libs.graaljs.javadoc" value="" />
    <property name="libs.spring-webmvc3.0.javadoc" value="" />
    <property name="file.reference.selenium-ie-driver-4.2.0-sources.jar" value="C:\Users\HP\Downloads\Compressed\selenium\selenium-ie-driver-4.2.0-sources.jar" />
    <property name="libs.JAXB-ENDORSED.src" value="" />
    <property name="user.script" value="" />
    <property name="manifest.encoding" value="UTF-8" />
    <property name="libs.spring-framework400.src" value="" />
    <property name="sun.management.compiler" value="HotSpot 64-Bit Tiered Compilers" />
    <property name="run.test.modulepath" value="" />
    <property name="libs.javaee-web-api-6.0.classpath" value="C:\netbeans\enterprise\modules\ext\javaee-web-api-6.0.jar" />
    <property name="libs.graaljs.classpath" value="C:\netbeans\webcommon\modules\ext\js-20.2.0.jar;C:\netbeans\webcommon\modules\ext\js-launcher-20.2.0.jar;C:\netbeans\webcommon\modules\ext\regex-20.2.0.jar;C:\netbeans\webcommon\modules\ext\icu4j-67.1.jar;C:\netbeans\ide\modules\ext\graal-sdk-20.2.0.jar;C:\netbeans\ide\modules\ext\launcher-common-20.2.0.jar;C:\netbeans\ide\modules\ext\truffle-api-20.2.0.jar" />
    <property name="libs.jsp-compiler.javadoc" value="" />
    <property name="debug.test.modulepath" value="" />
    <property name="libs.javaee-web-api-7.0.classpath" value="C:\netbeans\enterprise\modules\ext\javaee-web-api-7.0.jar" />
    <property name="file.encoding" value="Cp1252" />
    <property name="java.util.logging.config.class" value="org.netbeans.core.startup.TopLogging" />
    <property name="https.nonProxyHosts" value="localhost|127.0.0.1|Breksam" />
    <property name="libs.restlib.javadoc" value="" />
    <property name="file.reference.selenium-devtools-v101-4.2.0.jar" value="C:\Users\HP\Downloads\Compressed\selenium\selenium-devtools-v101-4.2.0.jar" />
    <property name="libs.absolutelayout.classpath" value="C:\netbeans\java\modules\ext\AbsoluteLayout.jar" />
    <property name="do.archive" value="true" />
    <property name="libs.struts.maven-pom" value="" />
    <property name="built-jar.properties" value="D:\university\3rd electrical\2nd\testing\lab\5\lab5\build\built-jar.properties" />
    <property name="nb.native.filechooser" value="false" />
    <property name="libs.testng.src" value="" />
    <property name="libs.javaee-web-api-8.0.classpath" value="C:\netbeans\enterprise\modules\ext\javaee-web-api-8.0.jar" />
    <property name="platform.active" value="default_platform" />
    <property name="manifest.file" value="manifest.mf" />
    <property name="sun.io.unicode.encoding" value="UnicodeLittle" />
    <property name="libs.struts.javadoc" value="C:\netbeans\enterprise\docs\struts-1.3.10-javadoc.zip" />
    <property name="sun.desktop" value="windows" />
    <property name="default.javac.source" value="12" />
    <property name="netbeans.dynamic.classpath" value="C:\netbeans\platform\core\asm-8.0.1.jar;C:\netbeans\platform\core\asm-commons-8.0.1.jar;C:\netbeans\platform\core\asm-tree-8.0.1.jar;C:\netbeans\platform\core\core-base.jar;C:\netbeans\platform\core\core.jar;C:\netbeans\platform\core\org-netbeans-libs-asm.jar;C:\netbeans\platform\core\org-openide-filesystems-compat8.jar;C:\netbeans\platform\core\org-openide-filesystems.jar;C:\netbeans\nb\core\org-netbeans-upgrader.jar;C:\netbeans\nb\core\locale\core_nb.jar" />
    <property name="libs.javaee-web-api-8.0.javadoc" value="C:\netbeans\enterprise\docs\javaee-doc-api.jar" />
    <property name="libs.eclipselinkmodelgen.classpath" value="C:\netbeans\java\modules\ext\eclipselink\org.eclipse.persistence.jpa.modelgen.processor-2.7.7.jar" />
    <property name="file.reference.selenium-devtools-v102-4.2.0-sources.jar" value="C:\Users\HP\Downloads\Compressed\selenium\selenium-devtools-v102-4.2.0-sources.jar" />
    <property name="javac.systemmodulepath.cmd.line.arg" value="" />
    <property name="file.reference.netty-buffer-4.1.77.Final.jar" value="C:\Users\HP\Downloads\Compressed\selenium\lib\netty-buffer-4.1.77.Final.jar" />
    <property name="file.reference.selenium-devtools-v101-4.2.0-sources.jar" value="C:\Users\HP\Downloads\Compressed\selenium\selenium-devtools-v101-4.2.0-sources.jar" />
    <property name="netbeans.buildnumber" value="12.3-c3d4f6fa6c956cf1b5a35e8da4f44a96ab76f6a9" />
    <property name="file.reference.selenium-java-4.2.0.jar" value="C:\Users\HP\Downloads\Compressed\selenium\selenium-java-4.2.0.jar" />
    <property name="php.global.include.path" value="" />
    <property name="endorsed.classpath.cmd.line.arg" value="" />
    <property name="libs.jpa20-persistence.maven-pom" value="" />
    <property name="file.reference.failureaccess-1.0.1.jar" value="C:\Users\HP\Downloads\Compressed\selenium\lib\failureaccess-1.0.1.jar" />
    <property name="os.name" value="Windows 10" />
    <property name="build.sysclasspath" value="ignore" />
    <property name="libs.CopyLibs.maven-pom" value="" />
    <property name="libs.jakartaee-api-8.0.maven-pom" value="" />
    <property name="jdkBug6558476" value="false" />
    <property name="file.reference.auto-common-1.2.1.jar" value="C:\Users\HP\Downloads\Compressed\selenium\lib\auto-common-1.2.1.jar" />
    <property name="javadoc.author" value="false" />
    <property name="http.nonProxyHosts" value="localhost|127.0.0.1|Breksam" />
    <property name="main.class" value="lab5.Lab5" />
    <property name="libs.jsp-compilation-syscp.javadoc" value="" />
    <property name="source.encoding" value="UTF-8" />
    <property name="file.reference.selenium-devtools-v85-4.2.0.jar" value="C:\Users\HP\Downloads\Compressed\selenium\selenium-devtools-v85-4.2.0.jar" />
    <property name="jar.compress" value="false" />
    <property name="libs.javaee-api-7.0.javadoc" value="C:\netbeans\enterprise\docs\javaee-doc-api.jar" />
    <property name="libs.spring-webmvc5.0.src" value="" />
    <property name="java.awt.graphicsenv" value="sun.awt.Win32GraphicsEnvironment" />
    <property name="libs.jsf20.maven-pom" value="" />
    <property name="libs.restlib.classpath" value="C:\netbeans\enterprise\modules\ext\jersey2\ext\asm-all-repackaged-2.2.0-b21.jar;C:\netbeans\enterprise\modules\ext\jersey2\ext\cglib-2.2.0-b21.jar;C:\netbeans\enterprise\modules\ext\jersey2\ext\guava-14.0.1.jar;C:\netbeans\enterprise\modules\ext\jersey2\ext\hk2-api-2.2.0-b21.jar;C:\netbeans\enterprise\modules\ext\jersey2\ext\hk2-locator-2.2.0-b21.jar;C:\netbeans\enterprise\modules\ext\jersey2\ext\hk2-utils-2.2.0-b21.jar;C:\netbeans\enterprise\modules\ext\jersey2\ext\javax.annotation-api-1.2.jar;C:\netbeans\enterprise\modules\ext\jersey2\ext\javax.inject-2.2.0-b21.jar;C:\netbeans\enterprise\modules\ext\jersey2\ext\javax.servlet-api-3.0.1.jar;C:\netbeans\enterprise\modules\ext\jersey2\ext\jaxb-api-2.2.7.jar;C:\netbeans\enterprise\modules\ext\jersey2\ext\jersey-entity-filtering-2.5.1.jar;C:\netbeans\enterprise\modules\ext\jersey2\ext\jersey-media-moxy-2.5.1.jar;C:\netbeans\enterprise\modules\ext\jersey2\ext\org.osgi.core-4.2.0.jar;C:\netbeans\enterprise\modules\ext\jersey2\ext\osgi-resource-locator-1.0.1.jar;C:\netbeans\enterprise\modules\ext\jersey2\ext\persistence-api-1.0.jar;C:\netbeans\enterprise\modules\ext\jersey2\ext\validation-api-1.1.0.Final.jar;C:\netbeans\enterprise\modules\ext\jersey2\jersey-client.jar;C:\netbeans\enterprise\modules\ext\jersey2\jersey-common.jar;C:\netbeans\enterprise\modules\ext\jersey2\jersey-container-servlet.jar;C:\netbeans\enterprise\modules\ext\jersey2\jersey-container-servlet-core.jar;C:\netbeans\enterprise\modules\ext\jersey2\jersey-server.jar;C:\netbeans\java\modules\ext\eclipselink\org.eclipse.persistence.core-2.7.7.jar;C:\netbeans\java\modules\ext\eclipselink\org.eclipse.persistence.asm-2.7.7.jar;C:\netbeans\java\modules\ext\eclipselink\org.eclipse.persistence.antlr-2.7.7.jar;C:\netbeans\java\modules\ext\eclipselink\org.eclipse.persistence.jpa-2.7.7.jar;C:\netbeans\java\modules\ext\eclipselink\org.eclipse.persistence.jpa.jpql-2.7.7.jar;C:\netbeans\java\modules\ext\eclipselink\org.eclipse.persistence.moxy-2.7.7.jar" />
    <property name="file.reference.opentelemetry-sdk-metrics-1.14.0.jar" value="C:\Users\HP\Downloads\Compressed\selenium\lib\opentelemetry-sdk-metrics-1.14.0.jar" />
    <property name="libs.jakartaee-web-api-8.0.javadoc" value="C:\netbeans\enterprise\docs\jakartaee8-doc-api.jar" />
    <property name="apple.awt.graphics.UseQuartz" value="true" />
    <property name="libs.graaljs.src" value="" />
    <property name="run.jvmargs" value="" />
    <property name="libs.primefaces.src" value="" />
    <property name="file.reference.selenium-chromium-driver-4.2.0.jar" value="C:\Users\HP\Downloads\Compressed\selenium\selenium-chromium-driver-4.2.0.jar" />
    <property name="ant.file" value="D:\university\3rd electrical\2nd\testing\lab\5\lab5\build.xml" />
    <property name="libs.struts.src" value="" />
    <property name="path.separator" value=";" />
    <property name="libs.JAXB-ENDORSED.classpath" value="C:\netbeans\ide\modules\ext\jaxb\api\jaxb-api.jar" />
    <property name="libs.restlib.src" value="" />
    <property name="build.test.results.dir" value="build/test/results" />
    <property name="libs.jaxws21.javadoc" value="C:\netbeans\java\docs\jaxws-api-doc.zip" />
    <property name="libs.javaee-endorsed-api-6.0.javadoc" value="C:\netbeans\enterprise\docs\javaee-doc-api.jar" />
    <property name="libs.spring-framework400.maven-pom" value="" />
    <property name="ap.processors.internal" value="" />
    <property name="module.name" value="" />
    <property name="file.reference.selenium-json-4.2.0.jar" value="C:\Users\HP\Downloads\Compressed\selenium\selenium-json-4.2.0.jar" />
    <property name="libs.jsf12.classpath" value="C:\netbeans\enterprise\modules\ext\jsf-1_2\jsf-api.jar;C:\netbeans\enterprise\modules\ext\jsf-1_2\jsf-impl.jar" />
    <property name="libs.spring-webmvc5.0.javadoc" value="" />
    <property name="file.reference.selenium-http-4.2.0-sources.jar" value="C:\Users\HP\Downloads\Compressed\selenium\selenium-http-4.2.0-sources.jar" />
    <property name="libs.spring-framework400.javadoc" value="" />
    <property name="libs.hamcrest.javadoc" value="" />
    <property name="java.vm.info" value="mixed mode, sharing" />
    <property name="libs.primefaces.classpath" value="C:\netbeans\enterprise\modules\ext\primefaces\primefaces-5.0.jar" />
    <property name="libs.jaxws21.maven-pom" value="" />
    <property name="run.test.classpath" value="C:\Users\HP\Downloads\Compressed\selenium\selenium-api-4.2.0-sources.jar:C:\Users\HP\Downloads\Compressed\selenium\selenium-api-4.2.0.jar:C:\Users\HP\Downloads\Compressed\selenium\selenium-chrome-driver-4.2.0-sources.jar:C:\Users\HP\Downloads\Compressed\selenium\selenium-chrome-driver-4.2.0.jar:C:\Users\HP\Downloads\Compressed\selenium\selenium-chromium-driver-4.2.0-sources.jar:C:\Users\HP\Downloads\Compressed\selenium\selenium-chromium-driver-4.2.0.jar:C:\Users\HP\Downloads\Compressed\selenium\selenium-devtools-v100-4.2.0-sources.jar:C:\Users\HP\Downloads\Compressed\selenium\selenium-devtools-v100-4.2.0.jar:C:\Users\HP\Downloads\Compressed\selenium\selenium-devtools-v101-4.2.0-sources.jar:C:\Users\HP\Downloads\Compressed\selenium\selenium-devtools-v101-4.2.0.jar:C:\Users\HP\Downloads\Compressed\selenium\selenium-devtools-v102-4.2.0-sources.jar:C:\Users\HP\Downloads\Compressed\selenium\selenium-devtools-v102-4.2.0.jar:C:\Users\HP\Downloads\Compressed\selenium\selenium-devtools-v85-4.2.0-sources.jar:C:\Users\HP\Downloads\Compressed\selenium\selenium-devtools-v85-4.2.0.jar:C:\Users\HP\Downloads\Compressed\selenium\selenium-edge-driver-4.2.0-sources.jar:C:\Users\HP\Downloads\Compressed\selenium\selenium-edge-driver-4.2.0.jar:C:\Users\HP\Downloads\Compressed\selenium\selenium-firefox-driver-4.2.0-sources.jar:C:\Users\HP\Downloads\Compressed\selenium\selenium-firefox-driver-4.2.0.jar:C:\Users\HP\Downloads\Compressed\selenium\selenium-http-4.2.0-sources.jar:C:\Users\HP\Downloads\Compressed\selenium\selenium-http-4.2.0.jar:C:\Users\HP\Downloads\Compressed\selenium\selenium-ie-driver-4.2.0-sources.jar:C:\Users\HP\Downloads\Compressed\selenium\selenium-ie-driver-4.2.0.jar:C:\Users\HP\Downloads\Compressed\selenium\selenium-java-4.2.0-sources.jar:C:\Users\HP\Downloads\Compressed\selenium\selenium-java-4.2.0.jar:C:\Users\HP\Downloads\Compressed\selenium\selenium-java-4.2.0.zip:C:\Users\HP\Downloads\Compressed\selenium\selenium-json-4.2.0-sources.jar:C:\Users\HP\Downloads\Compressed\selenium\selenium-json-4.2.0.jar:C:\Users\HP\Downloads\Compressed\selenium\selenium-opera-driver-4.2.0-sources.jar:C:\Users\HP\Downloads\Compressed\selenium\selenium-opera-driver-4.2.0.jar:C:\Users\HP\Downloads\Compressed\selenium\selenium-remote-driver-4.2.0-sources.jar:C:\Users\HP\Downloads\Compressed\selenium\selenium-remote-driver-4.2.0.jar:C:\Users\HP\Downloads\Compressed\selenium\selenium-safari-driver-4.2.0-sources.jar:C:\Users\HP\Downloads\Compressed\selenium\selenium-safari-driver-4.2.0.jar:C:\Users\HP\Downloads\Compressed\selenium\selenium-support-4.2.0-sources.jar:C:\Users\HP\Downloads\Compressed\selenium\selenium-support-4.2.0.jar:C:\Users\HP\Downloads\Compressed\selenium\lib\async-http-client-2.12.3.jar:C:\Users\HP\Downloads\Compressed\selenium\lib\async-http-client-netty-utils-2.12.3.jar:C:\Users\HP\Downloads\Compressed\selenium\lib\auto-common-1.2.1.jar:C:\Users\HP\Downloads\Compressed\selenium\lib\auto-service-1.0.1.jar:C:\Users\HP\Downloads\Compressed\selenium\lib\auto-service-annotations-1.0.1.jar:C:\Users\HP\Downloads\Compressed\selenium\lib\byte-buddy-1.12.10.jar:C:\Users\HP\Downloads\Compressed\selenium\lib\checker-qual-3.12.0.jar:C:\Users\HP\Downloads\Compressed\selenium\lib\commons-exec-1.3.jar:C:\Users\HP\Downloads\Compressed\selenium\lib\error_prone_annotations-2.11.0.jar:C:\Users\HP\Downloads\Compressed\selenium\lib\failsafe-3.2.4.jar:C:\Users\HP\Downloads\Compressed\selenium\lib\failureaccess-1.0.1.jar:C:\Users\HP\Downloads\Compressed\selenium\lib\guava-31.1-jre.jar:C:\Users\HP\Downloads\Compressed\selenium\lib\j2objc-annotations-1.3.jar:C:\Users\HP\Downloads\Compressed\selenium\lib\jakarta.activation-1.2.2.jar:C:\Users\HP\Downloads\Compressed\selenium\lib\jcommander-1.82.jar:C:\Users\HP\Downloads\Compressed\selenium\lib\jsr305-3.0.2.jar:C:\Users\HP\Downloads\Compressed\selenium\lib\jtoml-2.0.0.jar:C:\Users\HP\Downloads\Compressed\selenium\lib\listenablefuture-9999.0-empty-to-avoid-conflict-with-guava.jar:C:\Users\HP\Downloads\Compressed\selenium\lib\netty-buffer-4.1.77.Final.jar:C:\Users\HP\Downloads\Compressed\selenium\lib\netty-codec-4.1.77.Final.jar:C:\Users\HP\Downloads\Compressed\selenium\lib\netty-codec-http-4.1.77.Final.jar:C:\Users\HP\Downloads\Compressed\selenium\lib\netty-codec-socks-4.1.77.Final.jar:C:\Users\HP\Downloads\Compressed\selenium\lib\netty-common-4.1.77.Final.jar:C:\Users\HP\Downloads\Compressed\selenium\lib\netty-handler-4.1.77.Final.jar:C:\Users\HP\Downloads\Compressed\selenium\lib\netty-handler-proxy-4.1.77.Final.jar:C:\Users\HP\Downloads\Compressed\selenium\lib\netty-reactive-streams-2.0.4.jar:C:\Users\HP\Downloads\Compressed\selenium\lib\netty-resolver-4.1.77.Final.jar:C:\Users\HP\Downloads\Compressed\selenium\lib\netty-transport-4.1.77.Final.jar:C:\Users\HP\Downloads\Compressed\selenium\lib\netty-transport-classes-epoll-4.1.77.Final.jar:C:\Users\HP\Downloads\Compressed\selenium\lib\netty-transport-classes-kqueue-4.1.77.Final.jar:C:\Users\HP\Downloads\Compressed\selenium\lib\netty-transport-native-epoll-4.1.77.Final.jar:C:\Users\HP\Downloads\Compressed\selenium\lib\netty-transport-native-kqueue-4.1.77.Final.jar:C:\Users\HP\Downloads\Compressed\selenium\lib\netty-transport-native-unix-common-4.1.77.Final.jar:C:\Users\HP\Downloads\Compressed\selenium\lib\opentelemetry-api-1.14.0.jar:C:\Users\HP\Downloads\Compressed\selenium\lib\opentelemetry-context-1.14.0.jar:C:\Users\HP\Downloads\Compressed\selenium\lib\opentelemetry-exporter-logging-1.14.0.jar:C:\Users\HP\Downloads\Compressed\selenium\lib\opentelemetry-sdk-1.14.0.jar:C:\Users\HP\Downloads\Compressed\selenium\lib\opentelemetry-sdk-common-1.14.0.jar:C:\Users\HP\Downloads\Compressed\selenium\lib\opentelemetry-sdk-extension-autoconfigure-1.14.0-alpha.jar:C:\Users\HP\Downloads\Compressed\selenium\lib\opentelemetry-sdk-extension-autoconfigure-spi-1.14.0.jar:C:\Users\HP\Downloads\Compressed\selenium\lib\opentelemetry-sdk-logs-1.14.0-alpha.jar:C:\Users\HP\Downloads\Compressed\selenium\lib\opentelemetry-sdk-metrics-1.14.0.jar:C:\Users\HP\Downloads\Compressed\selenium\lib\opentelemetry-sdk-trace-1.14.0.jar:C:\Users\HP\Downloads\Compressed\selenium\lib\opentelemetry-semconv-1.14.0-alpha.jar:C:\Users\HP\Downloads\Compressed\selenium\lib\reactive-streams-1.0.3.jar:C:\Users\HP\Downloads\Compressed\selenium\lib\slf4j-api-1.7.36.jar:build/classes:C:\netbeans\platform\modules\ext\junit-4.13.1.jar:C:\netbeans\platform\modules\ext\hamcrest-core-1.3.jar:build/test/classes" />
    <property name="dist.jlink.output" value="dist/jlink/lab5" />
    <property name="javadoc.encoding.used" value="UTF-8" />
    <property name="java.class.version" value="56.0" />
    <property name="src.dir" value="src" />
    <property name="file.reference.selenium-ie-driver-4.2.0.jar" value="C:\Users\HP\Downloads\Compressed\selenium\selenium-ie-driver-4.2.0.jar" />
    <property name="ant.project.default-target" value="default" />
    <property name="ant.file.type.lab5-impl" value="file" />
    <property name="file.reference.selenium-remote-driver-4.2.0-sources.jar" value="C:\Users\HP\Downloads\Compressed\selenium\selenium-remote-driver-4.2.0-sources.jar" />
    <property name="debug.classpath" value="C:\Users\HP\Downloads\Compressed\selenium\selenium-api-4.2.0-sources.jar:C:\Users\HP\Downloads\Compressed\selenium\selenium-api-4.2.0.jar:C:\Users\HP\Downloads\Compressed\selenium\selenium-chrome-driver-4.2.0-sources.jar:C:\Users\HP\Downloads\Compressed\selenium\selenium-chrome-driver-4.2.0.jar:C:\Users\HP\Downloads\Compressed\selenium\selenium-chromium-driver-4.2.0-sources.jar:C:\Users\HP\Downloads\Compressed\selenium\selenium-chromium-driver-4.2.0.jar:C:\Users\HP\Downloads\Compressed\selenium\selenium-devtools-v100-4.2.0-sources.jar:C:\Users\HP\Downloads\Compressed\selenium\selenium-devtools-v100-4.2.0.jar:C:\Users\HP\Downloads\Compressed\selenium\selenium-devtools-v101-4.2.0-sources.jar:C:\Users\HP\Downloads\Compressed\selenium\selenium-devtools-v101-4.2.0.jar:C:\Users\HP\Downloads\Compressed\selenium\selenium-devtools-v102-4.2.0-sources.jar:C:\Users\HP\Downloads\Compressed\selenium\selenium-devtools-v102-4.2.0.jar:C:\Users\HP\Downloads\Compressed\selenium\selenium-devtools-v85-4.2.0-sources.jar:C:\Users\HP\Downloads\Compressed\selenium\selenium-devtools-v85-4.2.0.jar:C:\Users\HP\Downloads\Compressed\selenium\selenium-edge-driver-4.2.0-sources.jar:C:\Users\HP\Downloads\Compressed\selenium\selenium-edge-driver-4.2.0.jar:C:\Users\HP\Downloads\Compressed\selenium\selenium-firefox-driver-4.2.0-sources.jar:C:\Users\HP\Downloads\Compressed\selenium\selenium-firefox-driver-4.2.0.jar:C:\Users\HP\Downloads\Compressed\selenium\selenium-http-4.2.0-sources.jar:C:\Users\HP\Downloads\Compressed\selenium\selenium-http-4.2.0.jar:C:\Users\HP\Downloads\Compressed\selenium\selenium-ie-driver-4.2.0-sources.jar:C:\Users\HP\Downloads\Compressed\selenium\selenium-ie-driver-4.2.0.jar:C:\Users\HP\Downloads\Compressed\selenium\selenium-java-4.2.0-sources.jar:C:\Users\HP\Downloads\Compressed\selenium\selenium-java-4.2.0.jar:C:\Users\HP\Downloads\Compressed\selenium\selenium-java-4.2.0.zip:C:\Users\HP\Downloads\Compressed\selenium\selenium-json-4.2.0-sources.jar:C:\Users\HP\Downloads\Compressed\selenium\selenium-json-4.2.0.jar:C:\Users\HP\Downloads\Compressed\selenium\selenium-opera-driver-4.2.0-sources.jar:C:\Users\HP\Downloads\Compressed\selenium\selenium-opera-driver-4.2.0.jar:C:\Users\HP\Downloads\Compressed\selenium\selenium-remote-driver-4.2.0-sources.jar:C:\Users\HP\Downloads\Compressed\selenium\selenium-remote-driver-4.2.0.jar:C:\Users\HP\Downloads\Compressed\selenium\selenium-safari-driver-4.2.0-sources.jar:C:\Users\HP\Downloads\Compressed\selenium\selenium-safari-driver-4.2.0.jar:C:\Users\HP\Downloads\Compressed\selenium\selenium-support-4.2.0-sources.jar:C:\Users\HP\Downloads\Compressed\selenium\selenium-support-4.2.0.jar:C:\Users\HP\Downloads\Compressed\selenium\lib\async-http-client-2.12.3.jar:C:\Users\HP\Downloads\Compressed\selenium\lib\async-http-client-netty-utils-2.12.3.jar:C:\Users\HP\Downloads\Compressed\selenium\lib\auto-common-1.2.1.jar:C:\Users\HP\Downloads\Compressed\selenium\lib\auto-service-1.0.1.jar:C:\Users\HP\Downloads\Compressed\selenium\lib\auto-service-annotations-1.0.1.jar:C:\Users\HP\Downloads\Compressed\selenium\lib\byte-buddy-1.12.10.jar:C:\Users\HP\Downloads\Compressed\selenium\lib\checker-qual-3.12.0.jar:C:\Users\HP\Downloads\Compressed\selenium\lib\commons-exec-1.3.jar:C:\Users\HP\Downloads\Compressed\selenium\lib\error_prone_annotations-2.11.0.jar:C:\Users\HP\Downloads\Compressed\selenium\lib\failsafe-3.2.4.jar:C:\Users\HP\Downloads\Compressed\selenium\lib\failureaccess-1.0.1.jar:C:\Users\HP\Downloads\Compressed\selenium\lib\guava-31.1-jre.jar:C:\Users\HP\Downloads\Compressed\selenium\lib\j2objc-annotations-1.3.jar:C:\Users\HP\Downloads\Compressed\selenium\lib\jakarta.activation-1.2.2.jar:C:\Users\HP\Downloads\Compressed\selenium\lib\jcommander-1.82.jar:C:\Users\HP\Downloads\Compressed\selenium\lib\jsr305-3.0.2.jar:C:\Users\HP\Downloads\Compressed\selenium\lib\jtoml-2.0.0.jar:C:\Users\HP\Downloads\Compressed\selenium\lib\listenablefuture-9999.0-empty-to-avoid-conflict-with-guava.jar:C:\Users\HP\Downloads\Compressed\selenium\lib\netty-buffer-4.1.77.Final.jar:C:\Users\HP\Downloads\Compressed\selenium\lib\netty-codec-4.1.77.Final.jar:C:\Users\HP\Downloads\Compressed\selenium\lib\netty-codec-http-4.1.77.Final.jar:C:\Users\HP\Downloads\Compressed\selenium\lib\netty-codec-socks-4.1.77.Final.jar:C:\Users\HP\Downloads\Compressed\selenium\lib\netty-common-4.1.77.Final.jar:C:\Users\HP\Downloads\Compressed\selenium\lib\netty-handler-4.1.77.Final.jar:C:\Users\HP\Downloads\Compressed\selenium\lib\netty-handler-proxy-4.1.77.Final.jar:C:\Users\HP\Downloads\Compressed\selenium\lib\netty-reactive-streams-2.0.4.jar:C:\Users\HP\Downloads\Compressed\selenium\lib\netty-resolver-4.1.77.Final.jar:C:\Users\HP\Downloads\Compressed\selenium\lib\netty-transport-4.1.77.Final.jar:C:\Users\HP\Downloads\Compressed\selenium\lib\netty-transport-classes-epoll-4.1.77.Final.jar:C:\Users\HP\Downloads\Compressed\selenium\lib\netty-transport-classes-kqueue-4.1.77.Final.jar:C:\Users\HP\Downloads\Compressed\selenium\lib\netty-transport-native-epoll-4.1.77.Final.jar:C:\Users\HP\Downloads\Compressed\selenium\lib\netty-transport-native-kqueue-4.1.77.Final.jar:C:\Users\HP\Downloads\Compressed\selenium\lib\netty-transport-native-unix-common-4.1.77.Final.jar:C:\Users\HP\Downloads\Compressed\selenium\lib\opentelemetry-api-1.14.0.jar:C:\Users\HP\Downloads\Compressed\selenium\lib\opentelemetry-context-1.14.0.jar:C:\Users\HP\Downloads\Compressed\selenium\lib\opentelemetry-exporter-logging-1.14.0.jar:C:\Users\HP\Downloads\Compressed\selenium\lib\opentelemetry-sdk-1.14.0.jar:C:\Users\HP\Downloads\Compressed\selenium\lib\opentelemetry-sdk-common-1.14.0.jar:C:\Users\HP\Downloads\Compressed\selenium\lib\opentelemetry-sdk-extension-autoconfigure-1.14.0-alpha.jar:C:\Users\HP\Downloads\Compressed\selenium\lib\opentelemetry-sdk-extension-autoconfigure-spi-1.14.0.jar:C:\Users\HP\Downloads\Compressed\selenium\lib\opentelemetry-sdk-logs-1.14.0-alpha.jar:C:\Users\HP\Downloads\Compressed\selenium\lib\opentelemetry-sdk-metrics-1.14.0.jar:C:\Users\HP\Downloads\Compressed\selenium\lib\opentelemetry-sdk-trace-1.14.0.jar:C:\Users\HP\Downloads\Compressed\selenium\lib\opentelemetry-semconv-1.14.0-alpha.jar:C:\Users\HP\Downloads\Compressed\selenium\lib\reactive-streams-1.0.3.jar:C:\Users\HP\Downloads\Compressed\selenium\lib\slf4j-api-1.7.36.jar:build/classes" />
    <property name="excludes" value="" />
    <property name="libs.javaee-api-7.0.src" value="" />
    <property name="file.reference.selenium-support-4.2.0.jar" value="C:\Users\HP\Downloads\Compressed\selenium\selenium-support-4.2.0.jar" />
    <property name="libs.junit_4.javadoc" value="C:\netbeans\platform\docs\junit-4.13.1-javadoc.jar" />
    <property name="run.test.jvmargs" value="" />
    <property name="sun.jnu.encoding" value="Cp1252" />
    <property name="libs.spring-webmvc4.0.src" value="" />
    <property name="sun.java2d.dpiaware" value="true" />
    <property name="main.class.available" value="true" />
    <property name="file.reference.netty-transport-native-epoll-4.1.77.Final.jar" value="C:\Users\HP\Downloads\Compressed\selenium\lib\netty-transport-native-epoll-4.1.77.Final.jar" />
    <property name="libs.jsf20.javadoc" value="C:\netbeans\enterprise\docs\javaee-doc-api.jar" />
    <property name="netbeans.importclass" value="org.netbeans.upgrade.AutoUpgrade" />
    <property name="file.reference.jsr305-3.0.2.jar" value="C:\Users\HP\Downloads\Compressed\selenium\lib\jsr305-3.0.2.jar" />
    <property name="netbeans.autoupdate.version" value="1.23" />
    <property name="empty.dir" value="D:\university\3rd electrical\2nd\testing\lab\5\lab5\build\empty" />
    <property name="netbeans.user" value="C:\Users\HP\AppData\Roaming\NetBeans\12.3" />
    <property name="javac.includes.binary" value="D:\university\3rd electrical\2nd\testing\lab\5\lab5\build\test\classes\lab5\Lab5Test.class" />
    <property name="file.separator" value="\" />
    <property name="line.separator" value="&#xd;&#xa;" />
    <property name="javadoc.additionalparam" value="" />
    <property name="libs.spring-webmvc5.0.classpath" value="C:\netbeans\java\modules\ext\spring-5\spring-webmvc-5.2.9.RELEASE.jar" />
    <property name="file.reference.netty-resolver-4.1.77.Final.jar" value="C:\Users\HP\Downloads\Compressed\selenium\lib\netty-resolver-4.1.77.Final.jar" />
    <property name="javac.debug" value="true" />
    <property name="libs.restlib.maven-pom" value="" />
    <property name="libs.testng.classpath" value="C:\netbeans\platform\modules\ext\testng-6.14.3.jar;C:\netbeans\platform\modules\ext\jcommander-1.78.jar" />
    <property name="libs.jsp-compiler.src" value="" />
    <property name="user.name" value="HP" />
    <property name="build.classes.dir" value="build/classes" />
    <property name="file.reference.selenium-chrome-driver-4.2.0.jar" value="C:\Users\HP\Downloads\Compressed\selenium\selenium-chrome-driver-4.2.0.jar" />
    <property name="javadoc.windowtitle" value="" />
    <property name="nb.junit.single" value="false" />
    <property name="nb.internal.action.name" value="test.single" />
    <property name="libs.javaee-api-8.0.maven-pom" value="" />
    <property name="file.reference.netty-transport-native-unix-common-4.1.77.Final.jar" value="C:\Users\HP\Downloads\Compressed\selenium\lib\netty-transport-native-unix-common-4.1.77.Final.jar" />
    <property name="libs.jaxws21.src" value="" />
    <property name="file.reference.netty-handler-4.1.77.Final.jar" value="C:\Users\HP\Downloads\Compressed\selenium\lib\netty-handler-4.1.77.Final.jar" />
    <property name="file.reference.commons-exec-1.3.jar" value="C:\Users\HP\Downloads\Compressed\selenium\lib\commons-exec-1.3.jar" />
    <property name="jna.loaded" value="true" />
    <property name="file.reference.selenium-safari-driver-4.2.0-sources.jar" value="C:\Users\HP\Downloads\Compressed\selenium\selenium-safari-driver-4.2.0-sources.jar" />
    <property name="libs.junit_5.maven-pom" value="" />
    <property name="libs.jpa20-persistence.javadoc" value="C:\netbeans\java\modules\ext\docs\javax.persistence-2.2.1-doc.zip" />
    <property name="ant.junit.enabletestlistenerevents" value="true" />
    <property name="libs.JWSAntTasks.src" value="" />
    <property name="ant.home" value="C:\netbeans\extide\ant" />
    <property name="libs.spring-webmvc3.0.src" value="" />
    <property name="debug.test.classpath" value="C:\Users\HP\Downloads\Compressed\selenium\selenium-api-4.2.0-sources.jar:C:\Users\HP\Downloads\Compressed\selenium\selenium-api-4.2.0.jar:C:\Users\HP\Downloads\Compressed\selenium\selenium-chrome-driver-4.2.0-sources.jar:C:\Users\HP\Downloads\Compressed\selenium\selenium-chrome-driver-4.2.0.jar:C:\Users\HP\Downloads\Compressed\selenium\selenium-chromium-driver-4.2.0-sources.jar:C:\Users\HP\Downloads\Compressed\selenium\selenium-chromium-driver-4.2.0.jar:C:\Users\HP\Downloads\Compressed\selenium\selenium-devtools-v100-4.2.0-sources.jar:C:\Users\HP\Downloads\Compressed\selenium\selenium-devtools-v100-4.2.0.jar:C:\Users\HP\Downloads\Compressed\selenium\selenium-devtools-v101-4.2.0-sources.jar:C:\Users\HP\Downloads\Compressed\selenium\selenium-devtools-v101-4.2.0.jar:C:\Users\HP\Downloads\Compressed\selenium\selenium-devtools-v102-4.2.0-sources.jar:C:\Users\HP\Downloads\Compressed\selenium\selenium-devtools-v102-4.2.0.jar:C:\Users\HP\Downloads\Compressed\selenium\selenium-devtools-v85-4.2.0-sources.jar:C:\Users\HP\Downloads\Compressed\selenium\selenium-devtools-v85-4.2.0.jar:C:\Users\HP\Downloads\Compressed\selenium\selenium-edge-driver-4.2.0-sources.jar:C:\Users\HP\Downloads\Compressed\selenium\selenium-edge-driver-4.2.0.jar:C:\Users\HP\Downloads\Compressed\selenium\selenium-firefox-driver-4.2.0-sources.jar:C:\Users\HP\Downloads\Compressed\selenium\selenium-firefox-driver-4.2.0.jar:C:\Users\HP\Downloads\Compressed\selenium\selenium-http-4.2.0-sources.jar:C:\Users\HP\Downloads\Compressed\selenium\selenium-http-4.2.0.jar:C:\Users\HP\Downloads\Compressed\selenium\selenium-ie-driver-4.2.0-sources.jar:C:\Users\HP\Downloads\Compressed\selenium\selenium-ie-driver-4.2.0.jar:C:\Users\HP\Downloads\Compressed\selenium\selenium-java-4.2.0-sources.jar:C:\Users\HP\Downloads\Compressed\selenium\selenium-java-4.2.0.jar:C:\Users\HP\Downloads\Compressed\selenium\selenium-java-4.2.0.zip:C:\Users\HP\Downloads\Compressed\selenium\selenium-json-4.2.0-sources.jar:C:\Users\HP\Downloads\Compressed\selenium\selenium-json-4.2.0.jar:C:\Users\HP\Downloads\Compressed\selenium\selenium-opera-driver-4.2.0-sources.jar:C:\Users\HP\Downloads\Compressed\selenium\selenium-opera-driver-4.2.0.jar:C:\Users\HP\Downloads\Compressed\selenium\selenium-remote-driver-4.2.0-sources.jar:C:\Users\HP\Downloads\Compressed\selenium\selenium-remote-driver-4.2.0.jar:C:\Users\HP\Downloads\Compressed\selenium\selenium-safari-driver-4.2.0-sources.jar:C:\Users\HP\Downloads\Compressed\selenium\selenium-safari-driver-4.2.0.jar:C:\Users\HP\Downloads\Compressed\selenium\selenium-support-4.2.0-sources.jar:C:\Users\HP\Downloads\Compressed\selenium\selenium-support-4.2.0.jar:C:\Users\HP\Downloads\Compressed\selenium\lib\async-http-client-2.12.3.jar:C:\Users\HP\Downloads\Compressed\selenium\lib\async-http-client-netty-utils-2.12.3.jar:C:\Users\HP\Downloads\Compressed\selenium\lib\auto-common-1.2.1.jar:C:\Users\HP\Downloads\Compressed\selenium\lib\auto-service-1.0.1.jar:C:\Users\HP\Downloads\Compressed\selenium\lib\auto-service-annotations-1.0.1.jar:C:\Users\HP\Downloads\Compressed\selenium\lib\byte-buddy-1.12.10.jar:C:\Users\HP\Downloads\Compressed\selenium\lib\checker-qual-3.12.0.jar:C:\Users\HP\Downloads\Compressed\selenium\lib\commons-exec-1.3.jar:C:\Users\HP\Downloads\Compressed\selenium\lib\error_prone_annotations-2.11.0.jar:C:\Users\HP\Downloads\Compressed\selenium\lib\failsafe-3.2.4.jar:C:\Users\HP\Downloads\Compressed\selenium\lib\failureaccess-1.0.1.jar:C:\Users\HP\Downloads\Compressed\selenium\lib\guava-31.1-jre.jar:C:\Users\HP\Downloads\Compressed\selenium\lib\j2objc-annotations-1.3.jar:C:\Users\HP\Downloads\Compressed\selenium\lib\jakarta.activation-1.2.2.jar:C:\Users\HP\Downloads\Compressed\selenium\lib\jcommander-1.82.jar:C:\Users\HP\Downloads\Compressed\selenium\lib\jsr305-3.0.2.jar:C:\Users\HP\Downloads\Compressed\selenium\lib\jtoml-2.0.0.jar:C:\Users\HP\Downloads\Compressed\selenium\lib\listenablefuture-9999.0-empty-to-avoid-conflict-with-guava.jar:C:\Users\HP\Downloads\Compressed\selenium\lib\netty-buffer-4.1.77.Final.jar:C:\Users\HP\Downloads\Compressed\selenium\lib\netty-codec-4.1.77.Final.jar:C:\Users\HP\Downloads\Compressed\selenium\lib\netty-codec-http-4.1.77.Final.jar:C:\Users\HP\Downloads\Compressed\selenium\lib\netty-codec-socks-4.1.77.Final.jar:C:\Users\HP\Downloads\Compressed\selenium\lib\netty-common-4.1.77.Final.jar:C:\Users\HP\Downloads\Compressed\selenium\lib\netty-handler-4.1.77.Final.jar:C:\Users\HP\Downloads\Compressed\selenium\lib\netty-handler-proxy-4.1.77.Final.jar:C:\Users\HP\Downloads\Compressed\selenium\lib\netty-reactive-streams-2.0.4.jar:C:\Users\HP\Downloads\Compressed\selenium\lib\netty-resolver-4.1.77.Final.jar:C:\Users\HP\Downloads\Compressed\selenium\lib\netty-transport-4.1.77.Final.jar:C:\Users\HP\Downloads\Compressed\selenium\lib\netty-transport-classes-epoll-4.1.77.Final.jar:C:\Users\HP\Downloads\Compressed\selenium\lib\netty-transport-classes-kqueue-4.1.77.Final.jar:C:\Users\HP\Downloads\Compressed\selenium\lib\netty-transport-native-epoll-4.1.77.Final.jar:C:\Users\HP\Downloads\Compressed\selenium\lib\netty-transport-native-kqueue-4.1.77.Final.jar:C:\Users\HP\Downloads\Compressed\selenium\lib\netty-transport-native-unix-common-4.1.77.Final.jar:C:\Users\HP\Downloads\Compressed\selenium\lib\opentelemetry-api-1.14.0.jar:C:\Users\HP\Downloads\Compressed\selenium\lib\opentelemetry-context-1.14.0.jar:C:\Users\HP\Downloads\Compressed\selenium\lib\opentelemetry-exporter-logging-1.14.0.jar:C:\Users\HP\Downloads\Compressed\selenium\lib\opentelemetry-sdk-1.14.0.jar:C:\Users\HP\Downloads\Compressed\selenium\lib\opentelemetry-sdk-common-1.14.0.jar:C:\Users\HP\Downloads\Compressed\selenium\lib\opentelemetry-sdk-extension-autoconfigure-1.14.0-alpha.jar:C:\Users\HP\Downloads\Compressed\selenium\lib\opentelemetry-sdk-extension-autoconfigure-spi-1.14.0.jar:C:\Users\HP\Downloads\Compressed\selenium\lib\opentelemetry-sdk-logs-1.14.0-alpha.jar:C:\Users\HP\Downloads\Compressed\selenium\lib\opentelemetry-sdk-metrics-1.14.0.jar:C:\Users\HP\Downloads\Compressed\selenium\lib\opentelemetry-sdk-trace-1.14.0.jar:C:\Users\HP\Downloads\Compressed\selenium\lib\opentelemetry-semconv-1.14.0-alpha.jar:C:\Users\HP\Downloads\Compressed\selenium\lib\reactive-streams-1.0.3.jar:C:\Users\HP\Downloads\Compressed\selenium\lib\slf4j-api-1.7.36.jar:build/classes:C:\netbeans\platform\modules\ext\junit-4.13.1.jar:C:\netbeans\platform\modules\ext\hamcrest-core-1.3.jar:build/test/classes" />
    <property name="have.tests" value="true" />
    <property name="javac.external.vm" value="true" />
    <property name="testng.debug.mode" value="" />
    <property name="file.reference.opentelemetry-sdk-extension-autoconfigure-spi-1.14.0.jar" value="C:\Users\HP\Downloads\Compressed\selenium\lib\opentelemetry-sdk-extension-autoconfigure-spi-1.14.0.jar" />
    <property name="javac.target" value="12" />
    <property name="ant.version" value="Apache Ant(TM) version 1.10.8 compiled on May 10 2020" />
    <property name="libs.absolutelayout.maven-pom" value="" />
    <property name="jdk.gtk.version" value="2.2" />
    <property name="java.failonerror" value="true" />
    <property name="libs.spring-framework500.src" value="" />
    <property name="javac.modulepath" value="" />
    <property name="user.properties.file" value="C:\Users\HP\AppData\Roaming\NetBeans\12.3\build.properties" />
    <property name="libs.javaee-api-6.0.src" value="" />
    <property name="javac.includes" value="lab5/Lab5Test.java" />
    <property name="netbeans.autoupdate.country" value="US" />
    <property name="file.reference.error_prone_annotations-2.11.0.jar" value="C:\Users\HP\Downloads\Compressed\selenium\lib\error_prone_annotations-2.11.0.jar" />
    <property name="java.class.path" value="C:\Users\HP\Downloads\Compressed\selenium\selenium-api-4.2.0-sources.jar;C:\Users\HP\Downloads\Compressed\selenium\selenium-api-4.2.0.jar;C:\Users\HP\Downloads\Compressed\selenium\selenium-chrome-driver-4.2.0-sources.jar;C:\Users\HP\Downloads\Compressed\selenium\selenium-chrome-driver-4.2.0.jar;C:\Users\HP\Downloads\Compressed\selenium\selenium-chromium-driver-4.2.0-sources.jar;C:\Users\HP\Downloads\Compressed\selenium\selenium-chromium-driver-4.2.0.jar;C:\Users\HP\Downloads\Compressed\selenium\selenium-devtools-v100-4.2.0-sources.jar;C:\Users\HP\Downloads\Compressed\selenium\selenium-devtools-v100-4.2.0.jar;C:\Users\HP\Downloads\Compressed\selenium\selenium-devtools-v101-4.2.0-sources.jar;C:\Users\HP\Downloads\Compressed\selenium\selenium-devtools-v101-4.2.0.jar;C:\Users\HP\Downloads\Compressed\selenium\selenium-devtools-v102-4.2.0-sources.jar;C:\Users\HP\Downloads\Compressed\selenium\selenium-devtools-v102-4.2.0.jar;C:\Users\HP\Downloads\Compressed\selenium\selenium-devtools-v85-4.2.0-sources.jar;C:\Users\HP\Downloads\Compressed\selenium\selenium-devtools-v85-4.2.0.jar;C:\Users\HP\Downloads\Compressed\selenium\selenium-edge-driver-4.2.0-sources.jar;C:\Users\HP\Downloads\Compressed\selenium\selenium-edge-driver-4.2.0.jar;C:\Users\HP\Downloads\Compressed\selenium\selenium-firefox-driver-4.2.0-sources.jar;C:\Users\HP\Downloads\Compressed\selenium\selenium-firefox-driver-4.2.0.jar;C:\Users\HP\Downloads\Compressed\selenium\selenium-http-4.2.0-sources.jar;C:\Users\HP\Downloads\Compressed\selenium\selenium-http-4.2.0.jar;C:\Users\HP\Downloads\Compressed\selenium\selenium-ie-driver-4.2.0-sources.jar;C:\Users\HP\Downloads\Compressed\selenium\selenium-ie-driver-4.2.0.jar;C:\Users\HP\Downloads\Compressed\selenium\selenium-java-4.2.0-sources.jar;C:\Users\HP\Downloads\Compressed\selenium\selenium-java-4.2.0.jar;C:\Users\HP\Downloads\Compressed\selenium\selenium-java-4.2.0.zip;C:\Users\HP\Downloads\Compressed\selenium\selenium-json-4.2.0-sources.jar;C:\Users\HP\Downloads\Compressed\selenium\selenium-json-4.2.0.jar;C:\Users\HP\Downloads\Compressed\selenium\selenium-opera-driver-4.2.0-sources.jar;C:\Users\HP\Downloads\Compressed\selenium\selenium-opera-driver-4.2.0.jar;C:\Users\HP\Downloads\Compressed\selenium\selenium-remote-driver-4.2.0-sources.jar;C:\Users\HP\Downloads\Compressed\selenium\selenium-remote-driver-4.2.0.jar;C:\Users\HP\Downloads\Compressed\selenium\selenium-safari-driver-4.2.0-sources.jar;C:\Users\HP\Downloads\Compressed\selenium\selenium-safari-driver-4.2.0.jar;C:\Users\HP\Downloads\Compressed\selenium\selenium-support-4.2.0-sources.jar;C:\Users\HP\Downloads\Compressed\selenium\selenium-support-4.2.0.jar;C:\Users\HP\Downloads\Compressed\selenium\lib\async-http-client-2.12.3.jar;C:\Users\HP\Downloads\Compressed\selenium\lib\async-http-client-netty-utils-2.12.3.jar;C:\Users\HP\Downloads\Compressed\selenium\lib\auto-common-1.2.1.jar;C:\Users\HP\Downloads\Compressed\selenium\lib\auto-service-1.0.1.jar;C:\Users\HP\Downloads\Compressed\selenium\lib\auto-service-annotations-1.0.1.jar;C:\Users\HP\Downloads\Compressed\selenium\lib\byte-buddy-1.12.10.jar;C:\Users\HP\Downloads\Compressed\selenium\lib\checker-qual-3.12.0.jar;C:\Users\HP\Downloads\Compressed\selenium\lib\commons-exec-1.3.jar;C:\Users\HP\Downloads\Compressed\selenium\lib\error_prone_annotations-2.11.0.jar;C:\Users\HP\Downloads\Compressed\selenium\lib\failsafe-3.2.4.jar;C:\Users\HP\Downloads\Compressed\selenium\lib\failureaccess-1.0.1.jar;C:\Users\HP\Downloads\Compressed\selenium\lib\guava-31.1-jre.jar;C:\Users\HP\Downloads\Compressed\selenium\lib\j2objc-annotations-1.3.jar;C:\Users\HP\Downloads\Compressed\selenium\lib\jakarta.activation-1.2.2.jar;C:\Users\HP\Downloads\Compressed\selenium\lib\jcommander-1.82.jar;C:\Users\HP\Downloads\Compressed\selenium\lib\jsr305-3.0.2.jar;C:\Users\HP\Downloads\Compressed\selenium\lib\jtoml-2.0.0.jar;C:\Users\HP\Downloads\Compressed\selenium\lib\listenablefuture-9999.0-empty-to-avoid-conflict-with-guava.jar;C:\Users\HP\Downloads\Compressed\selenium\lib\netty-buffer-4.1.77.Final.jar;C:\Users\HP\Downloads\Compressed\selenium\lib\netty-codec-4.1.77.Final.jar;C:\Users\HP\Downloads\Compressed\selenium\lib\netty-codec-http-4.1.77.Final.jar;C:\Users\HP\Downloads\Compressed\selenium\lib\netty-codec-socks-4.1.77.Final.jar;C:\Users\HP\Downloads\Compressed\selenium\lib\netty-common-4.1.77.Final.jar;C:\Users\HP\Downloads\Compressed\selenium\lib\netty-handler-4.1.77.Final.jar;C:\Users\HP\Downloads\Compressed\selenium\lib\netty-handler-proxy-4.1.77.Final.jar;C:\Users\HP\Downloads\Compressed\selenium\lib\netty-reactive-streams-2.0.4.jar;C:\Users\HP\Downloads\Compressed\selenium\lib\netty-resolver-4.1.77.Final.jar;C:\Users\HP\Downloads\Compressed\selenium\lib\netty-transport-4.1.77.Final.jar;C:\Users\HP\Downloads\Compressed\selenium\lib\netty-transport-classes-epoll-4.1.77.Final.jar;C:\Users\HP\Downloads\Compressed\selenium\lib\netty-transport-classes-kqueue-4.1.77.Final.jar;C:\Users\HP\Downloads\Compressed\selenium\lib\netty-transport-native-epoll-4.1.77.Final.jar;C:\Users\HP\Downloads\Compressed\selenium\lib\netty-transport-native-kqueue-4.1.77.Final.jar;C:\Users\HP\Downloads\Compressed\selenium\lib\netty-transport-native-unix-common-4.1.77.Final.jar;C:\Users\HP\Downloads\Compressed\selenium\lib\opentelemetry-api-1.14.0.jar;C:\Users\HP\Downloads\Compressed\selenium\lib\opentelemetry-context-1.14.0.jar;C:\Users\HP\Downloads\Compressed\selenium\lib\opentelemetry-exporter-logging-1.14.0.jar;C:\Users\HP\Downloads\Compressed\selenium\lib\opentelemetry-sdk-1.14.0.jar;C:\Users\HP\Downloads\Compressed\selenium\lib\opentelemetry-sdk-common-1.14.0.jar;C:\Users\HP\Downloads\Compressed\selenium\lib\opentelemetry-sdk-extension-autoconfigure-1.14.0-alpha.jar;C:\Users\HP\Downloads\Compressed\selenium\lib\opentelemetry-sdk-extension-autoconfigure-spi-1.14.0.jar;C:\Users\HP\Downloads\Compressed\selenium\lib\opentelemetry-sdk-logs-1.14.0-alpha.jar;C:\Users\HP\Downloads\Compressed\selenium\lib\opentelemetry-sdk-metrics-1.14.0.jar;C:\Users\HP\Downloads\Compressed\selenium\lib\opentelemetry-sdk-trace-1.14.0.jar;C:\Users\HP\Downloads\Compressed\selenium\lib\opentelemetry-semconv-1.14.0-alpha.jar;C:\Users\HP\Downloads\Compressed\selenium\lib\reactive-streams-1.0.3.jar;C:\Users\HP\Downloads\Compressed\selenium\lib\slf4j-api-1.7.36.jar;D:\university\3rd electrical\2nd\testing\lab\5\lab5\build\classes;C:\netbeans\platform\modules\ext\junit-4.13.1.jar;C:\netbeans\platform\modules\ext\hamcrest-core-1.3.jar;D:\university\3rd electrical\2nd\testing\lab\5\lab5\build\test\classes;C:\netbeans\extide\ant\lib\ant-launcher.jar;C:\netbeans\extide\ant\lib\ant.jar;C:\netbeans\extide\ant\lib\ant-junit.jar;C:\netbeans\extide\ant\lib\ant-junit4.jar" />
    <property name="libs.javaee-web-api-6.0.maven-pom" value="" />
    <property name="file.reference.async-http-client-2.12.3.jar" value="C:\Users\HP\Downloads\Compressed\selenium\lib\async-http-client-2.12.3.jar" />
    <property name="java.vm.vendor" value="Oracle Corporation" />
    <property name="ap.supported.internal" value="true" />
    <property name="user.variant" value="" />
    <property name="ant.file.lab5" value="D:\university\3rd electrical\2nd\testing\lab\5\lab5\build.xml" />
    <property name="netbeans.home+have.tests" value="true" />
    <property name="test.binaryexcludes" value="" />
    <property name="javac.compilerargs" value="" />
    <property name="libs.jstl.maven-pom" value="" />
    <property name="libs.jakartaee-web-api-8.0.src" value="" />
    <property name="file.reference.netty-handler-proxy-4.1.77.Final.jar" value="C:\Users\HP\Downloads\Compressed\selenium\lib\netty-handler-proxy-4.1.77.Final.jar" />
    <property name="sun.cpu.endian" value="little" />
    <property name="libs.junit_4.src" value="C:\netbeans\platform\docs\junit-4.13.1-sources.jar" />
    <property name="user.language" value="en" />
    <property name="copylibs.rebase" value="true" />
    <property name="maven.defaultProjectBuilder.disableGlobalModelCache" value="true" />
    <property name="libs.javaee-web-api-6.0.src" value="" />
    <property name="file.reference.opentelemetry-sdk-trace-1.14.0.jar" value="C:\Users\HP\Downloads\Compressed\selenium\lib\opentelemetry-sdk-trace-1.14.0.jar" />
    <property name="javadoc.nonavbar" value="false" />
    <property name="libs.javaee-api-8.0.src" value="" />
    <property name="ant.java.version" value="12" />
    <property name="libs.junit_4.classpath" value="C:\netbeans\platform\modules\ext\junit-4.13.1.jar" />
    <property name="jlink.launcher.name" value="lab5" />
    <property name="test.binarytestincludes" value="" />
    <property name="file.reference.selenium-json-4.2.0-sources.jar" value="C:\Users\HP\Downloads\Compressed\selenium\selenium-json-4.2.0-sources.jar" />
    <property name="sun.awt.keepWorkingSetOnMinimize" value="true" />
    <property name="libs.spring-webmvc5.0.maven-pom" value="" />
    <property name="libs.junit_4.maven-pom" value="" />
    <property name="runtime.encoding" value="UTF-8" />
    <property name="libs.jsp-compiler.maven-pom" value="" />
    <property name="jlink.additionalmodules" value="" />
    <property name="javac.classpath" value="C:\Users\HP\Downloads\Compressed\selenium\selenium-api-4.2.0-sources.jar:C:\Users\HP\Downloads\Compressed\selenium\selenium-api-4.2.0.jar:C:\Users\HP\Downloads\Compressed\selenium\selenium-chrome-driver-4.2.0-sources.jar:C:\Users\HP\Downloads\Compressed\selenium\selenium-chrome-driver-4.2.0.jar:C:\Users\HP\Downloads\Compressed\selenium\selenium-chromium-driver-4.2.0-sources.jar:C:\Users\HP\Downloads\Compressed\selenium\selenium-chromium-driver-4.2.0.jar:C:\Users\HP\Downloads\Compressed\selenium\selenium-devtools-v100-4.2.0-sources.jar:C:\Users\HP\Downloads\Compressed\selenium\selenium-devtools-v100-4.2.0.jar:C:\Users\HP\Downloads\Compressed\selenium\selenium-devtools-v101-4.2.0-sources.jar:C:\Users\HP\Downloads\Compressed\selenium\selenium-devtools-v101-4.2.0.jar:C:\Users\HP\Downloads\Compressed\selenium\selenium-devtools-v102-4.2.0-sources.jar:C:\Users\HP\Downloads\Compressed\selenium\selenium-devtools-v102-4.2.0.jar:C:\Users\HP\Downloads\Compressed\selenium\selenium-devtools-v85-4.2.0-sources.jar:C:\Users\HP\Downloads\Compressed\selenium\selenium-devtools-v85-4.2.0.jar:C:\Users\HP\Downloads\Compressed\selenium\selenium-edge-driver-4.2.0-sources.jar:C:\Users\HP\Downloads\Compressed\selenium\selenium-edge-driver-4.2.0.jar:C:\Users\HP\Downloads\Compressed\selenium\selenium-firefox-driver-4.2.0-sources.jar:C:\Users\HP\Downloads\Compressed\selenium\selenium-firefox-driver-4.2.0.jar:C:\Users\HP\Downloads\Compressed\selenium\selenium-http-4.2.0-sources.jar:C:\Users\HP\Downloads\Compressed\selenium\selenium-http-4.2.0.jar:C:\Users\HP\Downloads\Compressed\selenium\selenium-ie-driver-4.2.0-sources.jar:C:\Users\HP\Downloads\Compressed\selenium\selenium-ie-driver-4.2.0.jar:C:\Users\HP\Downloads\Compressed\selenium\selenium-java-4.2.0-sources.jar:C:\Users\HP\Downloads\Compressed\selenium\selenium-java-4.2.0.jar:C:\Users\HP\Downloads\Compressed\selenium\selenium-java-4.2.0.zip:C:\Users\HP\Downloads\Compressed\selenium\selenium-json-4.2.0-sources.jar:C:\Users\HP\Downloads\Compressed\selenium\selenium-json-4.2.0.jar:C:\Users\HP\Downloads\Compressed\selenium\selenium-opera-driver-4.2.0-sources.jar:C:\Users\HP\Downloads\Compressed\selenium\selenium-opera-driver-4.2.0.jar:C:\Users\HP\Downloads\Compressed\selenium\selenium-remote-driver-4.2.0-sources.jar:C:\Users\HP\Downloads\Compressed\selenium\selenium-remote-driver-4.2.0.jar:C:\Users\HP\Downloads\Compressed\selenium\selenium-safari-driver-4.2.0-sources.jar:C:\Users\HP\Downloads\Compressed\selenium\selenium-safari-driver-4.2.0.jar:C:\Users\HP\Downloads\Compressed\selenium\selenium-support-4.2.0-sources.jar:C:\Users\HP\Downloads\Compressed\selenium\selenium-support-4.2.0.jar:C:\Users\HP\Downloads\Compressed\selenium\lib\async-http-client-2.12.3.jar:C:\Users\HP\Downloads\Compressed\selenium\lib\async-http-client-netty-utils-2.12.3.jar:C:\Users\HP\Downloads\Compressed\selenium\lib\auto-common-1.2.1.jar:C:\Users\HP\Downloads\Compressed\selenium\lib\auto-service-1.0.1.jar:C:\Users\HP\Downloads\Compressed\selenium\lib\auto-service-annotations-1.0.1.jar:C:\Users\HP\Downloads\Compressed\selenium\lib\byte-buddy-1.12.10.jar:C:\Users\HP\Downloads\Compressed\selenium\lib\checker-qual-3.12.0.jar:C:\Users\HP\Downloads\Compressed\selenium\lib\commons-exec-1.3.jar:C:\Users\HP\Downloads\Compressed\selenium\lib\error_prone_annotations-2.11.0.jar:C:\Users\HP\Downloads\Compressed\selenium\lib\failsafe-3.2.4.jar:C:\Users\HP\Downloads\Compressed\selenium\lib\failureaccess-1.0.1.jar:C:\Users\HP\Downloads\Compressed\selenium\lib\guava-31.1-jre.jar:C:\Users\HP\Downloads\Compressed\selenium\lib\j2objc-annotations-1.3.jar:C:\Users\HP\Downloads\Compressed\selenium\lib\jakarta.activation-1.2.2.jar:C:\Users\HP\Downloads\Compressed\selenium\lib\jcommander-1.82.jar:C:\Users\HP\Downloads\Compressed\selenium\lib\jsr305-3.0.2.jar:C:\Users\HP\Downloads\Compressed\selenium\lib\jtoml-2.0.0.jar:C:\Users\HP\Downloads\Compressed\selenium\lib\listenablefuture-9999.0-empty-to-avoid-conflict-with-guava.jar:C:\Users\HP\Downloads\Compressed\selenium\lib\netty-buffer-4.1.77.Final.jar:C:\Users\HP\Downloads\Compressed\selenium\lib\netty-codec-4.1.77.Final.jar:C:\Users\HP\Downloads\Compressed\selenium\lib\netty-codec-http-4.1.77.Final.jar:C:\Users\HP\Downloads\Compressed\selenium\lib\netty-codec-socks-4.1.77.Final.jar:C:\Users\HP\Downloads\Compressed\selenium\lib\netty-common-4.1.77.Final.jar:C:\Users\HP\Downloads\Compressed\selenium\lib\netty-handler-4.1.77.Final.jar:C:\Users\HP\Downloads\Compressed\selenium\lib\netty-handler-proxy-4.1.77.Final.jar:C:\Users\HP\Downloads\Compressed\selenium\lib\netty-reactive-streams-2.0.4.jar:C:\Users\HP\Downloads\Compressed\selenium\lib\netty-resolver-4.1.77.Final.jar:C:\Users\HP\Downloads\Compressed\selenium\lib\netty-transport-4.1.77.Final.jar:C:\Users\HP\Downloads\Compressed\selenium\lib\netty-transport-classes-epoll-4.1.77.Final.jar:C:\Users\HP\Downloads\Compressed\selenium\lib\netty-transport-classes-kqueue-4.1.77.Final.jar:C:\Users\HP\Downloads\Compressed\selenium\lib\netty-transport-native-epoll-4.1.77.Final.jar:C:\Users\HP\Downloads\Compressed\selenium\lib\netty-transport-native-kqueue-4.1.77.Final.jar:C:\Users\HP\Downloads\Compressed\selenium\lib\netty-transport-native-unix-common-4.1.77.Final.jar:C:\Users\HP\Downloads\Compressed\selenium\lib\opentelemetry-api-1.14.0.jar:C:\Users\HP\Downloads\Compressed\selenium\lib\opentelemetry-context-1.14.0.jar:C:\Users\HP\Downloads\Compressed\selenium\lib\opentelemetry-exporter-logging-1.14.0.jar:C:\Users\HP\Downloads\Compressed\selenium\lib\opentelemetry-sdk-1.14.0.jar:C:\Users\HP\Downloads\Compressed\selenium\lib\opentelemetry-sdk-common-1.14.0.jar:C:\Users\HP\Downloads\Compressed\selenium\lib\opentelemetry-sdk-extension-autoconfigure-1.14.0-alpha.jar:C:\Users\HP\Downloads\Compressed\selenium\lib\opentelemetry-sdk-extension-autoconfigure-spi-1.14.0.jar:C:\Users\HP\Downloads\Compressed\selenium\lib\opentelemetry-sdk-logs-1.14.0-alpha.jar:C:\Users\HP\Downloads\Compressed\selenium\lib\opentelemetry-sdk-metrics-1.14.0.jar:C:\Users\HP\Downloads\Compressed\selenium\lib\opentelemetry-sdk-trace-1.14.0.jar:C:\Users\HP\Downloads\Compressed\selenium\lib\opentelemetry-semconv-1.14.0-alpha.jar:C:\Users\HP\Downloads\Compressed\selenium\lib\reactive-streams-1.0.3.jar:C:\Users\HP\Downloads\Compressed\selenium\lib\slf4j-api-1.7.36.jar" />
    <property name="libs.jakartaee-web-api-8.0.classpath" value="C:\netbeans\enterprise\modules\ext\jakarta.jakartaee-web-api-8.0.0.jar" />
    <property name="file.reference.auto-service-1.0.1.jar" value="C:\Users\HP\Downloads\Compressed\selenium\lib\auto-service-1.0.1.jar" />
    <property name="dist.jlink.dir" value="dist/jlink" />
    <property name="nb.junit.batch" value="true" />
    <property name="ant.file.lab5-impl" value="D:\university\3rd electrical\2nd\testing\lab\5\lab5\nbproject\build-impl.xml" />
    <property name="build.test.classes.dir" value="build/test/classes" />
    <property name="libs.spring-framework300.maven-pom" value="" />
    <property name="ant.project.invoked-targets" value="test-single" />
    <property name="libs.jstl.classpath" value="C:\netbeans\enterprise\modules\ext\jstl-impl.jar;C:\netbeans\enterprise\modules\ext\jstl-api.jar" />
    <property name="ap.cmd.line.internal" value="" />
    <property name="libs.PostgreSQLDriver.src" value="" />
    <property name="java.vendor.url.bug" value="https://bugreport.java.com/bugreport/" />
    <property name="annotation.processing.source.output" value="build/generated-sources/ap-source-output" />
    <property name="libs.javaee-endorsed-api-6.0.maven-pom" value="" />
    <property name="user.dir" value="D:\university\3rd electrical\2nd\testing\lab\5\lab5" />
    <property name="platform.java" value="C:\Program Files\Java\jdk-12.0.2/bin/java" />
    <property name="application.args" value="" />
    <property name="org.xml.sax.driver" value="com.sun.org.apache.xerces.internal.jaxp.SAXParserImpl$JAXPSAXParser" />
    <property name="libs.jakartaee-web-api-8.0.maven-pom" value="" />
    <property name="file.reference.failsafe-3.2.4.jar" value="C:\Users\HP\Downloads\Compressed\selenium\lib\failsafe-3.2.4.jar" />
    <property name="libs.eclipselink.src" value="" />
    <property name="file.reference.async-http-client-netty-utils-2.12.3.jar" value="C:\Users\HP\Downloads\Compressed\selenium\lib\async-http-client-netty-utils-2.12.3.jar" />
    <property name="ant.file.type.lab5" value="file" />
    <property name="java.vm.version" value="12.0.2+10" />
    <property name="libs.metro.javadoc" value="C:\netbeans\enterprise\docs\webservices-api-javadoc.jar;C:\netbeans\enterprise\docs\webservices-extra-javadoc.jar;C:\netbeans\enterprise\docs\webservices-extra-api-javadoc.jar;C:\netbeans\enterprise\docs\webservices-rt-javadoc.jar;C:\netbeans\enterprise\docs\webservices-tools-javadoc.jar" />
    <property name="file.reference.netty-transport-native-kqueue-4.1.77.Final.jar" value="C:\Users\HP\Downloads\Compressed\selenium\lib\netty-transport-native-kqueue-4.1.77.Final.jar" />
    <property name="file.reference.netty-transport-classes-kqueue-4.1.77.Final.jar" value="C:\Users\HP\Downloads\Compressed\selenium\lib\netty-transport-classes-kqueue-4.1.77.Final.jar" />
    <property name="test.class" value="lab5.Lab5Test" />
    <property name="sun.awt.datatransfer.timeout" value="1000" />
    <property name="file.reference.opentelemetry-semconv-1.14.0-alpha.jar" value="C:\Users\HP\Downloads\Compressed\selenium\lib\opentelemetry-semconv-1.14.0-alpha.jar" />
    <property name="libs.jsp-compiler.classpath" value="C:\netbeans\enterprise\ant\extra\jspcompile.jar" />
    <property name="annotation.processing.run.all.processors" value="true" />
    <property name="libs.javaee-web-api-7.0.src" value="" />
    <property name="libs.jakartaee-api-8.0.src" value="" />
    <property name="junit.forkmode" value="perTest" />
    <property name="file.reference.selenium-java-4.2.0-sources.jar" value="C:\Users\HP\Downloads\Compressed\selenium\selenium-java-4.2.0-sources.jar" />
    <property name="libs.javaee-endorsed-api-6.0.classpath" value="C:\netbeans\enterprise\modules\ext\javaee6-endorsed\javax.annotation.jar;C:\netbeans\enterprise\modules\ext\javaee6-endorsed\jaxb-api-osgi.jar;C:\netbeans\enterprise\modules\ext\javaee6-endorsed\webservices-api-osgi.jar" />
  </properties>
  <testcase classname="lab5.Lab5Test" name="testMain" time="0.003" />
  <testcase classname="lab5.Lab5Test" name="test_calculator" time="5.162" />
  <system-out><![CDATA[]]></system-out>
  <system-err><![CDATA[SLF4J: Failed to load class "org.slf4j.impl.StaticLoggerBinder".
SLF4J: Defaulting to no-operation (NOP) logger implementation
SLF4J: See http://www.slf4j.org/codes.html#StaticLoggerBinder for further details.
Starting ChromeDriver 101.0.4951.41 (93c720db8323b3ec10d056025ab95c23a31997c9-refs/branch-heads/4951@{#904}) on port 52808
Only local connections are allowed.
Please see https://chromedriver.chromium.org/security-considerations for suggestions on keeping ChromeDriver safe.
ChromeDriver was started successfully.
May 29, 2022 7:01:52 AM org.openqa.selenium.remote.ProtocolHandshake createSession
INFO: Detected upstream dialect: W3C
May 29, 2022 7:01:52 AM org.openqa.selenium.W3CCapabilityKeysValidator validateCapability
WARNING: Support for Legacy Capabilities is deprecated; You are sending "chrome" which is an invalid capability. Please update to W3C Syntax: https://www.selenium.dev/blog/2022/legacy-protocol-support/
May 29, 2022 7:01:52 AM org.openqa.selenium.W3CCapabilityKeysValidator validateCapability
WARNING: Support for Legacy Capabilities is deprecated; You are sending "chrome" which is an invalid capability. Please update to W3C Syntax: https://www.selenium.dev/blog/2022/legacy-protocol-support/
May 29, 2022 7:01:52 AM org.openqa.selenium.W3CCapabilityKeysValidator validateCapability
WARNING: Support for Legacy Capabilities is deprecated; You are sending "networkConnectionEnabled" which is an invalid capability. Please update to W3C Syntax: https://www.selenium.dev/blog/2022/legacy-protocol-support/
May 29, 2022 7:01:52 AM org.openqa.selenium.W3CCapabilityKeysValidator validateCapability
WARNING: Support for Legacy Capabilities is deprecated; You are sending "networkConnectionEnabled" which is an invalid capability. Please update to W3C Syntax: https://www.selenium.dev/blog/2022/legacy-protocol-support/
May 29, 2022 7:01:52 AM org.openqa.selenium.W3CCapabilityKeysValidator validateCapability
WARNING: Support for Legacy Capabilities is deprecated; You are sending "platform" which is an invalid capability. Please update to W3C Syntax: https://www.selenium.dev/blog/2022/legacy-protocol-support/
May 29, 2022 7:01:52 AM org.openqa.selenium.W3CCapabilityKeysValidator validateCapability
WARNING: Support for Legacy Capabilities is deprecated; You are sending "platform" which is an invalid capability. Please update to W3C Syntax: https://www.selenium.dev/blog/2022/legacy-protocol-support/
May 29, 2022 7:01:52 AM org.openqa.selenium.W3CCapabilityKeysValidator validateCapability
WARNING: Support for Legacy Capabilities is deprecated; You are sending "javascriptEnabled" which is an invalid capability. Please update to W3C Syntax: https://www.selenium.dev/blog/2022/legacy-protocol-support/
May 29, 2022 7:01:52 AM org.openqa.selenium.W3CCapabilityKeysValidator validateCapability
WARNING: Support for Legacy Capabilities is deprecated; You are sending "javascriptEnabled" which is an invalid capability. Please update to W3C Syntax: https://www.selenium.dev/blog/2022/legacy-protocol-support/
May 29, 2022 7:01:52 AM org.openqa.selenium.devtools.CdpVersionFinder findNearestMatch
INFO: Found exact CDP implementation for version 101
May 29, 2022 7:01:52 AM org.openqa.selenium.W3CCapabilityKeysValidator validateCapability
WARNING: Support for Legacy Capabilities is deprecated; You are sending "chrome" which is an invalid capability. Please update to W3C Syntax: https://www.selenium.dev/blog/2022/legacy-protocol-support/
May 29, 2022 7:01:52 AM org.openqa.selenium.W3CCapabilityKeysValidator validateCapability
WARNING: Support for Legacy Capabilities is deprecated; You are sending "javascriptEnabled" which is an invalid capability. Please update to W3C Syntax: https://www.selenium.dev/blog/2022/legacy-protocol-support/
May 29, 2022 7:01:52 AM org.openqa.selenium.W3CCapabilityKeysValidator validateCapability
WARNING: Support for Legacy Capabilities is deprecated; You are sending "networkConnectionEnabled" which is an invalid capability. Please update to W3C Syntax: https://www.selenium.dev/blog/2022/legacy-protocol-support/
May 29, 2022 7:01:52 AM org.openqa.selenium.W3CCapabilityKeysValidator validateCapability
WARNING: Support for Legacy Capabilities is deprecated; You are sending "platform" which is an invalid capability. Please update to W3C Syntax: https://www.selenium.dev/blog/2022/legacy-protocol-support/
May 29, 2022 7:01:52 AM org.openqa.selenium.W3CCapabilityKeysValidator validateCapability
WARNING: Support for Legacy Capabilities is deprecated; You are sending "networkConnectionEnabled" which is an invalid capability. Please update to W3C Syntax: https://www.selenium.dev/blog/2022/legacy-protocol-support/
May 29, 2022 7:01:52 AM org.openqa.selenium.W3CCapabilityKeysValidator validateCapability
WARNING: Support for Legacy Capabilities is deprecated; You are sending "chrome" which is an invalid capability. Please update to W3C Syntax: https://www.selenium.dev/blog/2022/legacy-protocol-support/
May 29, 2022 7:01:52 AM org.openqa.selenium.W3CCapabilityKeysValidator validateCapability
WARNING: Support for Legacy Capabilities is deprecated; You are sending "platform" which is an invalid capability. Please update to W3C Syntax: https://www.selenium.dev/blog/2022/legacy-protocol-support/
May 29, 2022 7:01:52 AM org.openqa.selenium.W3CCapabilityKeysValidator validateCapability
WARNING: Support for Legacy Capabilities is deprecated; You are sending "javascriptEnabled" which is an invalid capability. Please update to W3C Syntax: https://www.selenium.dev/blog/2022/legacy-protocol-support/
May 29, 2022 7:01:52 AM org.openqa.selenium.W3CCapabilityKeysValidator validateCapability
WARNING: Support for Legacy Capabilities is deprecated; You are sending "networkConnectionEnabled" which is an invalid capability. Please update to W3C Syntax: https://www.selenium.dev/blog/2022/legacy-protocol-support/
May 29, 2022 7:01:52 AM org.openqa.selenium.W3CCapabilityKeysValidator validateCapability
WARNING: Support for Legacy Capabilities is deprecated; You are sending "chrome" which is an invalid capability. Please update to W3C Syntax: https://www.selenium.dev/blog/2022/legacy-protocol-support/
May 29, 2022 7:01:52 AM org.openqa.selenium.W3CCapabilityKeysValidator validateCapability
WARNING: Support for Legacy Capabilities is deprecated; You are sending "platform" which is an invalid capability. Please update to W3C Syntax: https://www.selenium.dev/blog/2022/legacy-protocol-support/
May 29, 2022 7:01:52 AM org.openqa.selenium.W3CCapabilityKeysValidator validateCapability
WARNING: Support for Legacy Capabilities is deprecated; You are sending "javascriptEnabled" which is an invalid capability. Please update to W3C Syntax: https://www.selenium.dev/blog/2022/legacy-protocol-support/
May 29, 2022 7:01:52 AM org.openqa.selenium.W3CCapabilityKeysValidator validateCapability
WARNING: Support for Legacy Capabilities is deprecated; You are sending "networkConnectionEnabled" which is an invalid capability. Please update to W3C Syntax: https://www.selenium.dev/blog/2022/legacy-protocol-support/
May 29, 2022 7:01:52 AM org.openqa.selenium.W3CCapabilityKeysValidator validateCapability
WARNING: Support for Legacy Capabilities is deprecated; You are sending "chrome" which is an invalid capability. Please update to W3C Syntax: https://www.selenium.dev/blog/2022/legacy-protocol-support/
May 29, 2022 7:01:52 AM org.openqa.selenium.W3CCapabilityKeysValidator validateCapability
WARNING: Support for Legacy Capabilities is deprecated; You are sending "platform" which is an invalid capability. Please update to W3C Syntax: https://www.selenium.dev/blog/2022/legacy-protocol-support/
May 29, 2022 7:01:52 AM org.openqa.selenium.W3CCapabilityKeysValidator validateCapability
WARNING: Support for Legacy Capabilities is deprecated; You are sending "javascriptEnabled" which is an invalid capability. Please update to W3C Syntax: https://www.selenium.dev/blog/2022/legacy-protocol-support/
May 29, 2022 7:01:52 AM org.openqa.selenium.W3CCapabilityKeysValidator validateCapability
WARNING: Support for Legacy Capabilities is deprecated; You are sending "chrome" which is an invalid capability. Please update to W3C Syntax: https://www.selenium.dev/blog/2022/legacy-protocol-support/
May 29, 2022 7:01:52 AM org.openqa.selenium.W3CCapabilityKeysValidator validateCapability
WARNING: Support for Legacy Capabilities is deprecated; You are sending "javascriptEnabled" which is an invalid capability. Please update to W3C Syntax: https://www.selenium.dev/blog/2022/legacy-protocol-support/
May 29, 2022 7:01:52 AM org.openqa.selenium.W3CCapabilityKeysValidator validateCapability
WARNING: Support for Legacy Capabilities is deprecated; You are sending "networkConnectionEnabled" which is an invalid capability. Please update to W3C Syntax: https://www.selenium.dev/blog/2022/legacy-protocol-support/
May 29, 2022 7:01:52 AM org.openqa.selenium.W3CCapabilityKeysValidator validateCapability
WARNING: Support for Legacy Capabilities is deprecated; You are sending "platform" which is an invalid capability. Please update to W3C Syntax: https://www.selenium.dev/blog/2022/legacy-protocol-support/
]]></system-err>
</testsuite>
